T0F10 14853:133 SEGGER J-Link V4.98e Log File (0001ms, 114241ms total)
T0F10 14853:133 DLL Compiled: May  5 2015 11:00:52 (0001ms, 114241ms total)
T0F10 14853:133 Logging started @ 2016-01-31 09:45 (0001ms, 114241ms total)
T0F10 14853:146 JLINK_ExecCommand("Device = AT91SAM4SD32C", ...)Device "ATSAM4SD32C" selected.  returns 0x00 (0001ms, 114242ms total)
T0F10 14853:175 JLINK_ExecCommand("ProjectFile = C:\Users\rafa\Documents\Atmel Studio\7.0\GPIO\GPIO\jlink.config", ...)  returns 0x00 (0000ms, 114242ms total)
T0F10 14853:303 JLINK_ExecCommand("Device = AT91SAM4SD32C", ...)Device "ATSAM4SD32C" selected.  returns 0x00 (0003ms, 114245ms total)
T0F10 14853:306 JLINK_TIF_Select(JLINKARM_TIF_JTAG)  returns 0x00 (0580ms, 114825ms total)
T0F10 14853:926 JLINK_GetIdData(...) >0x2F8 JTAG>TotalIRLen = 4, IRPrint = 0x01 >0x30 JTAG> >0x210 JTAG> >0x70 JTAG> >0x40 JTAG> >0x40 JTAG> >0x40 JTAG> >0x48 JTAG> >0x78 JTAG> >0x40 JTAG> >0x30 JTAG> >0x40 JTAG> >0x40 JTAG> >0x30 JTAG> >0x40 JTAG> >0x48 JTAG>Found Cortex-M4 r0p1, Little endian. -- CPU_WriteMem(4 bytes @ 0xE0002000) -- CPU_ReadMem(4 bytes @ 0xE000EDF0) -- CPU_ReadMem(4 bytes @ 0xE0002000)FPUnit: 6 code (BP) slots and 2 literal slots -- CPU_ReadMem(4 bytes @ 0xE000EDFC)
 -- CPU_ReadMem(4 bytes @ 0xE0001000) -- CPU_WriteMem(4 bytes @ 0xE0001000) -- CPU_ReadMem(4 bytes @ 0xE000ED88) -- CPU_WriteMem(4 bytes @ 0xE000ED88) -- CPU_ReadMem(4 bytes @ 0xE000ED88) -- CPU_WriteMem(4 bytes @ 0xE000ED88)CoreSight components:ROMTbl 0 @ E00FF000 -- CPU_ReadMem(16 bytes @ 0xE00FF000) -- CPU_ReadMem(16 bytes @ 0xE000EFF0) -- CPU_ReadMem(16 bytes @ 0xE000EFE0)ROMTbl 0 [0]: FFF0F000, CID: B105E00D, PID: 000BB000 SCS -- CPU_ReadMem(16 bytes @ 0xE0001FF0)
 -- CPU_ReadMem(16 bytes @ 0xE0001FE0)ROMTbl 0 [1]: FFF02000, CID: B105E00D, PID: 003BB002 DWT -- CPU_ReadMem(16 bytes @ 0xE0002FF0) -- CPU_ReadMem(16 bytes @ 0xE0002FE0)ROMTbl 0 [2]: FFF03000, CID: B105E00D, PID: 002BB003 FPB -- CPU_ReadMem(16 bytes @ 0xE0000FF0) -- CPU_ReadMem(16 bytes @ 0xE0000FE0)ROMTbl 0 [3]: FFF01000, CID: B105E00D, PID: 003BB001 ITM -- CPU_ReadMem(16 bytes @ 0xE00FF010) -- CPU_ReadMem(16 bytes @ 0xE0040FF0) -- CPU_ReadMem(16 bytes @ 0xE0040FE0)
ROMTbl 0 [4]: FFF41000, CID: B105900D, PID: 000BB9A1 TPIU ScanLen=4 NumDevices=1 aId[0]=0x4BA00477 aIrRead[0]=0 aScanLen[0]=0 aScanRead[0]=0 (0096ms, 114921ms total)
T0F10 14854:022 JLINK_ConfigJTAG(IRPre = 0, DRPre = 0) (0000ms, 114921ms total)
T0F10 14854:022 JLINK_SetSpeed(1000) (0002ms, 114923ms total)
T0F10 14854:024 JLINK_ResetPullsRESET(OFF) (0000ms, 114923ms total)
T0F10 14854:024 JLINK_Connect() >0x2F8 JTAG>TotalIRLen = 4, IRPrint = 0x01 >0x30 JTAG> >0x210 JTAG> >0x70 JTAG> >0x40 JTAG> >0x40 JTAG> >0x40 JTAG> >0x48 JTAG> >0x78 JTAG> >0x40 JTAG> >0x30 JTAG> >0x40 JTAG> >0x40 JTAG> >0x30 JTAG> >0x40 JTAG> >0x48 JTAG>Found Cortex-M4 r0p1, Little endian. -- CPU_WriteMem(4 bytes @ 0xE0002000) -- CPU_ReadMem(4 bytes @ 0xE000EDF0) -- CPU_ReadMem(4 bytes @ 0xE0002000)FPUnit: 6 code (BP) slots and 2 literal slots -- CPU_ReadMem(4 bytes @ 0xE000EDFC)
 -- CPU_ReadMem(4 bytes @ 0xE0001000) -- CPU_WriteMem(4 bytes @ 0xE0001000) -- CPU_ReadMem(4 bytes @ 0xE000ED88) -- CPU_WriteMem(4 bytes @ 0xE000ED88) -- CPU_ReadMem(4 bytes @ 0xE000ED88) -- CPU_WriteMem(4 bytes @ 0xE000ED88)CoreSight components:ROMTbl 0 @ E00FF000 -- CPU_ReadMem(16 bytes @ 0xE00FF000) -- CPU_ReadMem(16 bytes @ 0xE000EFF0) -- CPU_ReadMem(16 bytes @ 0xE000EFE0)ROMTbl 0 [0]: FFF0F000, CID: B105E00D, PID: 000BB000 SCS -- CPU_ReadMem(16 bytes @ 0xE0001FF0)
 -- CPU_ReadMem(16 bytes @ 0xE0001FE0)ROMTbl 0 [1]: FFF02000, CID: B105E00D, PID: 003BB002 DWT -- CPU_ReadMem(16 bytes @ 0xE0002FF0) -- CPU_ReadMem(16 bytes @ 0xE0002FE0)ROMTbl 0 [2]: FFF03000, CID: B105E00D, PID: 002BB003 FPB -- CPU_ReadMem(16 bytes @ 0xE0000FF0) -- CPU_ReadMem(16 bytes @ 0xE0000FE0)ROMTbl 0 [3]: FFF01000, CID: B105E00D, PID: 003BB001 ITM -- CPU_ReadMem(16 bytes @ 0xE00FF010) -- CPU_ReadMem(16 bytes @ 0xE0040FF0) -- CPU_ReadMem(16 bytes @ 0xE0040FE0)
ROMTbl 0 [4]: FFF41000, CID: B105900D, PID: 000BB9A1 TPIU  returns 0x00 (0098ms, 115021ms total)
T0F10 14854:122 JLINK_GetDebugInfo(0x100) -- Value=0xE00FF003  returns 0x00 (0002ms, 115023ms total)
T0F10 14854:124 JLINK_ReadMem (0xE00FFFF0, 0x0010 Bytes, ...) -- CPU is running -- CPU_ReadMem(16 bytes @ 0xE00FFFF0) - Data: 0D 00 00 00 10 00 00 00 05 00 00 00 B1 00 00 00  returns 0x00 (0007ms, 115030ms total)
T0F10 14854:131 JLINK_ReadMem (0xE00FFFD0, 0x0020 Bytes, ...) -- CPU is running -- CPU_ReadMem(32 bytes @ 0xE00FFFD0) - Data: 04 00 00 00 00 00 00 00 00 00 00 00 00 00 00 00 ...  returns 0x00 (0003ms, 115033ms total)
T0F10 14854:134 JLINK_ReadMemU32(0xE00FF000, 0x0001 Items, ...) -- CPU is running -- CPU_ReadMem(4 bytes @ 0xE00FF000) - Data: 03 F0 F0 FF  returns 0x01 (0002ms, 115035ms total)
T0F10 14854:136 JLINK_ReadMem (0xE000EFF0, 0x0010 Bytes, ...) -- CPU is running -- CPU_ReadMem(16 bytes @ 0xE000EFF0) - Data: 0D 00 00 00 E0 00 00 00 05 00 00 00 B1 00 00 00  returns 0x00 (0004ms, 115039ms total)
T0F10 14854:140 JLINK_ReadMem (0xE000EFD0, 0x0020 Bytes, ...) -- CPU is running -- CPU_ReadMem(32 bytes @ 0xE000EFD0) - Data: 04 00 00 00 00 00 00 00 00 00 00 00 00 00 00 00 ...  returns 0x00 (0002ms, 115041ms total)
T0F10 14854:142 JLINK_ReadMemU32(0xE00FF004, 0x0001 Items, ...) -- CPU is running -- CPU_ReadMem(4 bytes @ 0xE00FF004) - Data: 03 20 F0 FF  returns 0x01 (0003ms, 115044ms total)
T0F10 14854:145 JLINK_ReadMem (0xE0001FF0, 0x0010 Bytes, ...) -- CPU is running -- CPU_ReadMem(16 bytes @ 0xE0001FF0) - Data: 0D 00 00 00 E0 00 00 00 05 00 00 00 B1 00 00 00  returns 0x00 (0001ms, 115045ms total)
T0F10 14854:146 JLINK_ReadMem (0xE0001FD0, 0x0020 Bytes, ...) -- CPU is running -- CPU_ReadMem(32 bytes @ 0xE0001FD0) - Data: 04 00 00 00 00 00 00 00 00 00 00 00 00 00 00 00 ...  returns 0x00 (0004ms, 115049ms total)
T0F10 14854:150 JLINK_ReadMemU32(0xE00FF008, 0x0001 Items, ...) -- CPU is running -- CPU_ReadMem(4 bytes @ 0xE00FF008) - Data: 03 30 F0 FF  returns 0x01 (0002ms, 115051ms total)
T0F10 14854:152 JLINK_ReadMem (0xE0002FF0, 0x0010 Bytes, ...) -- CPU is running -- CPU_ReadMem(16 bytes @ 0xE0002FF0) - Data: 0D 00 00 00 E0 00 00 00 05 00 00 00 B1 00 00 00  returns 0x00 (0002ms, 115053ms total)
T0F10 14854:154 JLINK_ReadMem (0xE0002FD0, 0x0020 Bytes, ...) -- CPU is running -- CPU_ReadMem(32 bytes @ 0xE0002FD0) - Data: 04 00 00 00 00 00 00 00 00 00 00 00 00 00 00 00 ...  returns 0x00 (0003ms, 115056ms total)
T0F10 14854:157 JLINK_ReadMemU32(0xE00FF00C, 0x0001 Items, ...) -- CPU is running -- CPU_ReadMem(4 bytes @ 0xE00FF00C) - Data: 03 10 F0 FF  returns 0x01 (0002ms, 115058ms total)
T0F10 14854:159 JLINK_ReadMem (0xE0000FF0, 0x0010 Bytes, ...) -- CPU is running -- CPU_ReadMem(16 bytes @ 0xE0000FF0) - Data: 0D 00 00 00 E0 00 00 00 05 00 00 00 B1 00 00 00  returns 0x00 (0003ms, 115061ms total)
T0F10 14854:162 JLINK_ReadMem (0xE0000FD0, 0x0020 Bytes, ...) -- CPU is running -- CPU_ReadMem(32 bytes @ 0xE0000FD0) - Data: 04 00 00 00 00 00 00 00 00 00 00 00 00 00 00 00 ...  returns 0x00 (0003ms, 115064ms total)
T0F10 14854:165 JLINK_ReadMemU32(0xE00FF010, 0x0001 Items, ...) -- CPU is running -- CPU_ReadMem(4 bytes @ 0xE00FF010) - Data: 03 10 F4 FF  returns 0x01 (0004ms, 115068ms total)
T0F10 14854:169 JLINK_ReadMem (0xE0040FF0, 0x0010 Bytes, ...) -- CPU is running -- CPU_ReadMem(16 bytes @ 0xE0040FF0) - Data: 0D 00 00 00 90 00 00 00 05 00 00 00 B1 00 00 00  returns 0x00 (0002ms, 115070ms total)
T0F10 14854:171 JLINK_ReadMem (0xE0040FD0, 0x0020 Bytes, ...) -- CPU is running -- CPU_ReadMem(32 bytes @ 0xE0040FD0) - Data: 04 00 00 00 00 00 00 00 00 00 00 00 00 00 00 00 ...  returns 0x00 (0006ms, 115076ms total)
T0F10 14854:177 JLINK_ReadMemU32(0xE00FF014, 0x0001 Items, ...) -- CPU is running -- CPU_ReadMem(4 bytes @ 0xE00FF014) - Data: 02 20 F4 FF  returns 0x01 (0002ms, 115078ms total)
T0F10 14854:179 JLINK_ReadMemU32(0xE00FF018, 0x0001 Items, ...) -- CPU is running -- CPU_ReadMem(4 bytes @ 0xE00FF018) - Data: 00 00 00 00  returns 0x01 (0002ms, 115080ms total)
T0F10 14854:181 JLINK_ReadMem (0xE0001000, 0x0004 Bytes, ...) -- CPU is running -- CPU_ReadMem(4 bytes @ 0xE0001000) - Data: 01 00 00 40  returns 0x00 (0002ms, 115082ms total)
T0F10 14854:183 JLINK_ReadMem (0xE0001000, 0x0004 Bytes, ...) -- CPU is running -- CPU_ReadMem(4 bytes @ 0xE0001000) - Data: 01 00 00 40  returns 0x00 (0022ms, 115104ms total)
T0F10 14854:205 JLINK_ReadMem (0xE0001028, 0x0004 Bytes, ...) -- CPU is running -- CPU_ReadMem(4 bytes @ 0xE0001028) - Data: 00 00 00 00  returns 0x00 (0079ms, 115183ms total)
T0F10 14854:284 JLINK_WriteMem(0xE0001028, 0x0004 Bytes, ...) - Data: 00 01 00 00 -- CPU is running -- CPU_WriteMem(4 bytes @ 0xE0001028)  returns 0x04 (0070ms, 115253ms total)
T0F10 14854:354 JLINK_ReadMem (0xE0001028, 0x0004 Bytes, ...) -- CPU is running -- CPU_ReadMem(4 bytes @ 0xE0001028) - Data: 00 00 00 00  returns 0x00 (0071ms, 115324ms total)
T0F10 14854:425 JLINK_ReadMem (0xE0001038, 0x0004 Bytes, ...) -- CPU is running -- CPU_ReadMem(4 bytes @ 0xE0001038) - Data: 00 02 00 00  returns 0x00 (0075ms, 115399ms total)
T0F10 14854:500 JLINK_WriteMem(0xE0001038, 0x0004 Bytes, ...) - Data: 00 03 00 00 -- CPU is running -- CPU_WriteMem(4 bytes @ 0xE0001038)  returns 0x04 (0086ms, 115485ms total)
T0F10 14854:586 JLINK_ReadMem (0xE0001038, 0x0004 Bytes, ...) -- CPU is running -- CPU_ReadMem(4 bytes @ 0xE0001038) - Data: 00 03 00 00  returns 0x00 (0072ms, 115557ms total)
T0F10 14854:658 JLINK_ReadMem (0xE0001048, 0x0004 Bytes, ...) -- CPU is running -- CPU_ReadMem(4 bytes @ 0xE0001048) - Data: 00 00 00 00  returns 0x00 (0073ms, 115630ms total)
T0F10 14854:731 JLINK_WriteMem(0xE0001048, 0x0004 Bytes, ...) - Data: 00 01 00 00 -- CPU is running -- CPU_WriteMem(4 bytes @ 0xE0001048)  returns 0x04 (0071ms, 115701ms total)
T0F10 14854:802 JLINK_ReadMem (0xE0001048, 0x0004 Bytes, ...) -- CPU is running -- CPU_ReadMem(4 bytes @ 0xE0001048) - Data: 00 00 00 00  returns 0x00 (0079ms, 115780ms total)
T0F10 14854:881 JLINK_ReadMem (0xE0001058, 0x0004 Bytes, ...) -- CPU is running -- CPU_ReadMem(4 bytes @ 0xE0001058) - Data: 00 00 00 00  returns 0x00 (0078ms, 115858ms total)
T0F10 14854:959 JLINK_WriteMem(0xE0001058, 0x0004 Bytes, ...) - Data: 00 01 00 00 -- CPU is running -- CPU_WriteMem(4 bytes @ 0xE0001058)  returns 0x04 (0077ms, 115935ms total)
T0F10 14855:036 JLINK_ReadMem (0xE0001058, 0x0004 Bytes, ...) -- CPU is running -- CPU_ReadMem(4 bytes @ 0xE0001058) - Data: 00 00 00 00  returns 0x00 (0070ms, 116005ms total)
T0F10 14855:106 JLINK_ReadMem (0xE0001024, 0x0004 Bytes, ...) -- CPU is running -- CPU_ReadMem(4 bytes @ 0xE0001024) - Data: 00 00 00 00  returns 0x00 (0072ms, 116077ms total)
T0F10 14855:187 JLINK_WriteMem(0xE0001024, 0x0004 Bytes, ...) - Data: 1F 00 00 00 -- CPU is running -- CPU_WriteMem(4 bytes @ 0xE0001024)  returns 0x04 (0004ms, 116081ms total)
T0F10 14855:191 JLINK_ReadMem (0xE0001024, 0x0004 Bytes, ...) -- CPU is running -- CPU_ReadMem(4 bytes @ 0xE0001024) - Data: 0F 00 00 00  returns 0x00 (0002ms, 116083ms total)
T0F10 14855:193 JLINK_ReadMem (0xE0001034, 0x0004 Bytes, ...) -- CPU is running -- CPU_ReadMem(4 bytes @ 0xE0001034) - Data: 00 00 00 00  returns 0x00 (0004ms, 116087ms total)
T0F10 14855:197 JLINK_WriteMem(0xE0001034, 0x0004 Bytes, ...) - Data: 1F 00 00 00 -- CPU is running -- CPU_WriteMem(4 bytes @ 0xE0001034)  returns 0x04 (0002ms, 116089ms total)
T0F10 14855:199 JLINK_ReadMem (0xE0001034, 0x0004 Bytes, ...) -- CPU is running -- CPU_ReadMem(4 bytes @ 0xE0001034) - Data: 0F 00 00 00  returns 0x00 (0004ms, 116093ms total)
T0F10 14855:203 JLINK_ReadMem (0xE0001044, 0x0004 Bytes, ...) -- CPU is running -- CPU_ReadMem(4 bytes @ 0xE0001044) - Data: 00 00 00 00  returns 0x00 (0002ms, 116095ms total)
T0F10 14855:205 JLINK_WriteMem(0xE0001044, 0x0004 Bytes, ...) - Data: 1F 00 00 00 -- CPU is running -- CPU_WriteMem(4 bytes @ 0xE0001044)  returns 0x04 (0006ms, 116101ms total)
T0F10 14855:211 JLINK_ReadMem (0xE0001044, 0x0004 Bytes, ...) -- CPU is running -- CPU_ReadMem(4 bytes @ 0xE0001044) - Data: 0F 00 00 00  returns 0x00 (0002ms, 116103ms total)
T0F10 14855:213 JLINK_ReadMem (0xE0001054, 0x0004 Bytes, ...) -- CPU is running -- CPU_ReadMem(4 bytes @ 0xE0001054) - Data: 00 00 00 00  returns 0x00 (0002ms, 116105ms total)
T0F10 14855:215 JLINK_WriteMem(0xE0001054, 0x0004 Bytes, ...) - Data: 1F 00 00 00 -- CPU is running -- CPU_WriteMem(4 bytes @ 0xE0001054)  returns 0x04 (0002ms, 116107ms total)
T0F10 14855:217 JLINK_ReadMem (0xE0001054, 0x0004 Bytes, ...) -- CPU is running -- CPU_ReadMem(4 bytes @ 0xE0001054) - Data: 0F 00 00 00  returns 0x00 (0006ms, 116113ms total)
T0F10 14855:223 JLINK_ReadMem (0xE0001028, 0x0004 Bytes, ...) -- CPU is running -- CPU_ReadMem(4 bytes @ 0xE0001028) - Data: 00 00 00 00  returns 0x00 (0003ms, 116116ms total)
T0F10 14855:226 JLINK_ReadMem (0xE0001038, 0x0004 Bytes, ...) -- CPU is running -- CPU_ReadMem(4 bytes @ 0xE0001038) - Data: 00 03 00 00  returns 0x00 (0002ms, 116118ms total)
T0F10 14855:228 JLINK_ReadMem (0xE0001048, 0x0004 Bytes, ...) -- CPU is running -- CPU_ReadMem(4 bytes @ 0xE0001048) - Data: 00 00 00 00  returns 0x00 (0002ms, 116120ms total)
T0F10 14855:230 JLINK_ReadMem (0xE0001058, 0x0004 Bytes, ...) -- CPU is running -- CPU_ReadMem(4 bytes @ 0xE0001058) - Data: 00 00 00 00  returns 0x00 (0002ms, 116122ms total)
T0F10 14855:232 JLINK_WriteMem(0xE0001020, 0x0004 Bytes, ...) - Data: 00 00 00 00 -- CPU is running -- CPU_WriteMem(4 bytes @ 0xE0001020)  returns 0x04 (0004ms, 116126ms total)
T0F10 14855:236 JLINK_WriteMem(0xE0001024, 0x0004 Bytes, ...) - Data: 00 00 00 00 -- CPU is running -- CPU_WriteMem(4 bytes @ 0xE0001024)  returns 0x04 (0004ms, 116130ms total)
T0F10 14855:240 JLINK_WriteMem(0xE0001028, 0x0004 Bytes, ...) - Data: 00 00 00 00 -- CPU is running -- CPU_WriteMem(4 bytes @ 0xE0001028)  returns 0x04 (0002ms, 116132ms total)
T0F10 14855:242 JLINK_WriteMem(0xE0001030, 0x0004 Bytes, ...) - Data: 00 00 00 00 -- CPU is running -- CPU_WriteMem(4 bytes @ 0xE0001030)  returns 0x04 (0002ms, 116134ms total)
T0F10 14855:244 JLINK_WriteMem(0xE0001034, 0x0004 Bytes, ...) - Data: 00 00 00 00 -- CPU is running -- CPU_WriteMem(4 bytes @ 0xE0001034)  returns 0x04 (0002ms, 116136ms total)
T0F10 14855:246 JLINK_WriteMem(0xE0001038, 0x0004 Bytes, ...) - Data: 00 00 00 00 -- CPU is running -- CPU_WriteMem(4 bytes @ 0xE0001038)  returns 0x04 (0006ms, 116142ms total)
T0F10 14855:252 JLINK_WriteMem(0xE0001040, 0x0004 Bytes, ...) - Data: 00 00 00 00 -- CPU is running -- CPU_WriteMem(4 bytes @ 0xE0001040)  returns 0x04 (0003ms, 116145ms total)
T0F10 14855:255 JLINK_WriteMem(0xE0001044, 0x0004 Bytes, ...) - Data: 00 00 00 00 -- CPU is running -- CPU_WriteMem(4 bytes @ 0xE0001044)  returns 0x04 (0001ms, 116146ms total)
T0F10 14855:256 JLINK_WriteMem(0xE0001048, 0x0004 Bytes, ...) - Data: 00 00 00 00 -- CPU is running -- CPU_WriteMem(4 bytes @ 0xE0001048)  returns 0x04 (0005ms, 116151ms total)
T0F10 14855:261 JLINK_WriteMem(0xE0001050, 0x0004 Bytes, ...) - Data: 00 00 00 00 -- CPU is running -- CPU_WriteMem(4 bytes @ 0xE0001050)  returns 0x04 (0006ms, 116157ms total)
T0F10 14855:267 JLINK_WriteMem(0xE0001054, 0x0004 Bytes, ...) - Data: 00 00 00 00 -- CPU is running -- CPU_WriteMem(4 bytes @ 0xE0001054)  returns 0x04 (0003ms, 116160ms total)
T0F10 14855:270 JLINK_WriteMem(0xE0001058, 0x0004 Bytes, ...) - Data: 00 00 00 00 -- CPU is running -- CPU_WriteMem(4 bytes @ 0xE0001058)  returns 0x04 (0002ms, 116162ms total)
T0F10 14855:272 JLINK_Halt()  returns 0x00 (0010ms, 116172ms total)
T0F10 14855:282 JLINK_WriteMem(0x400E0A04, 0x0004 Bytes, ...) - Data: 0B 01 00 5A -- CPU_WriteMem(4 bytes @ 0x400E0A04)  returns 0x04 (0002ms, 116174ms total)
T0F10 14855:284 JLINK_ReadMem (0x400E0A08, 0x0004 Bytes, ...) -- CPU_ReadMem(4 bytes @ 0x400E0A08) - Data: 01 00 00 00  returns 0x00 (0002ms, 116176ms total)
T0F10 14855:286 JLINK_WriteMem(0x400E0A04, 0x0004 Bytes, ...) - Data: 0C 02 00 5A -- CPU_WriteMem(4 bytes @ 0x400E0A04)  returns 0x04 (0002ms, 116178ms total)
T0F10 14855:288 JLINK_ReadMem (0x400E0A08, 0x0004 Bytes, ...) -- CPU_ReadMem(4 bytes @ 0x400E0A08) - Data: 01 00 00 00  returns 0x00 (0002ms, 116180ms total)
T0F10 14855:290 JLINK_Reset() -- CPU_ReadMem(16 bytes @ 0x20000000) -- CPU_WriteMem(16 bytes @ 0x20000000) -- CPU_ReadMem(4 bytes @ 0xE000EDFC) -- CPU_WriteMem(4 bytes @ 0xE000EDFC) -- CPU_ReadMem(4 bytes @ 0xE0001000) -- CPU_WriteMem(4 bytes @ 0xE000EDFC) -- CPU_WriteMem(16 bytes @ 0x20000000) -- CPU_WriteMem(4 bytes @ 0xE0002000) -- CPU_ReadMem(4 bytes @ 0xE000EDFC) -- CPU_ReadMem(4 bytes @ 0xE0001000) (0069ms, 116249ms total)
T0F10 14855:378 JLINK_JTAG_GetDeviceID(DeviceIndex = 0)  returns 0x4BA00477 (0000ms, 116249ms total)
T0F10 14855:378 JLINK_ReadMemU32(0x400E0740, 0x0001 Items, ...) -- CPU_ReadMem(4 bytes @ 0x400E0740) - Data: E0 0E A7 29  returns 0x01 (0002ms, 116251ms total)
T0F10 14855:380 JLINK_ReadMemU32(0x400E0744, 0x0001 Items, ...) -- CPU_ReadMem(4 bytes @ 0x400E0744) - Data: 00 00 00 00  returns 0x01 (0002ms, 116253ms total)
T0F10 14855:383 JLINK_WriteMem(0x400E0A04, 0x0004 Bytes, ...) - Data: 05 00 00 5A -- CPU_WriteMem(4 bytes @ 0x400E0A04)  returns 0x04 (0001ms, 116254ms total)
T0F10 14855:384 JLINK_WriteMem(0x400E0C04, 0x0004 Bytes, ...) - Data: 05 00 00 5A -- CPU_WriteMem(4 bytes @ 0x400E0C04)  returns 0x04 (0002ms, 116256ms total)
T0F10 14855:386 JLINK_ReadMem (0x400E0A08, 0x0004 Bytes, ...) -- CPU_ReadMem(4 bytes @ 0x400E0A08) - Data: 00 00 00 00  returns 0x00 (0003ms, 116259ms total)
T0F10 14855:390 JLINK_ReadMem (0x400E0A08, 0x0004 Bytes, ...) -- CPU_ReadMem(4 bytes @ 0x400E0A08) - Data: 00 00 00 00  returns 0x00 (0001ms, 116260ms total)
T0334 14855:391 JLINK_IsHalted()  returns TRUE (0000ms, 116260ms total)
T0334 14855:391 JLINK_GetMOEs(...) -- CPU_ReadMem(4 bytes @ 0xE000ED30) -- CPU_WriteMem(4 bytes @ 0xE000ED30)  returns 0x01 (0005ms, 116265ms total)
T0F10 14855:396 JLINK_ReadMem (0x400E0A08, 0x0004 Bytes, ...) -- CPU_ReadMem(4 bytes @ 0x400E0A08) - Data: 00 00 00 00  returns 0x00 (0005ms, 116270ms total)
T0334 14855:401 JLINK_ReadReg(R15 (PC))  returns 0x0040037C (0000ms, 116270ms total)
T0F10 14855:417 JLINK_ReadMem (0x400E0A08, 0x0004 Bytes, ...) -- CPU_ReadMem(4 bytes @ 0x400E0A08) - Data: 00 00 00 00  returns 0x00 (0003ms, 116273ms total)
T0F10 14855:484 JLINK_ReadMem (0x400E0A08, 0x0004 Bytes, ...) -- CPU_ReadMem(4 bytes @ 0x400E0A08) - Data: 00 00 00 00  returns 0x00 (0007ms, 116280ms total)
T0334 14855:602 JLINK_IsHalted()  returns TRUE (0000ms, 116280ms total)
T0F10 14855:748 JLINK_ReadMem (0x400E0A08, 0x0004 Bytes, ...) -- CPU_ReadMem(4 bytes @ 0x400E0A08) - Data: 00 00 00 00  returns 0x00 (0011ms, 116291ms total)
T0334 14855:802 JLINK_IsHalted()  returns TRUE (0000ms, 116291ms total)
T0334 14856:003 JLINK_IsHalted()  returns TRUE (0011ms, 116302ms total)
T0334 14856:215 JLINK_IsHalted()  returns TRUE (0015ms, 116306ms total)
T0334 14856:430 JLINK_IsHalted()  returns TRUE (0000ms, 116291ms total)
T0334 14856:632 JLINK_IsHalted()  returns TRUE (0002ms, 116293ms total)
T0F10 14856:768 JLINK_ReadMem (0x400E0A08, 0x0004 Bytes, ...) -- CPU_ReadMem(4 bytes @ 0x400E0A08) - Data: 00 00 00 00  returns 0x00 (0020ms, 116311ms total)
T0F10 14856:789 JLINK_ReadMem (0x400E0C08, 0x0004 Bytes, ...) -- CPU_ReadMem(4 bytes @ 0x400E0C08) - Data: 00 00 00 00  returns 0x00 (0003ms, 116314ms total)
T0F10 14856:793 JLINK_ReadMem (0x400E0C08, 0x0004 Bytes, ...) -- CPU_ReadMem(4 bytes @ 0x400E0C08) - Data: 00 00 00 00  returns 0x00 (0002ms, 116316ms total)
T0F10 14856:800 JLINK_ReadMem (0x400E0C08, 0x0004 Bytes, ...) -- CPU_ReadMem(4 bytes @ 0x400E0C08) - Data: 00 00 00 00  returns 0x00 (0003ms, 116319ms total)
T0F10 14856:819 JLINK_ReadMem (0x400E0C08, 0x0004 Bytes, ...) -- CPU_ReadMem(4 bytes @ 0x400E0C08) - Data: 00 00 00 00  returns 0x00 (0003ms, 116322ms total)
T0334 14856:835 JLINK_IsHalted()  returns TRUE (0000ms, 116322ms total)
T0F10 14856:887 JLINK_ReadMem (0x400E0C08, 0x0004 Bytes, ...) -- CPU_ReadMem(4 bytes @ 0x400E0C08) - Data: 00 00 00 00  returns 0x00 (0006ms, 116328ms total)
T0334 14857:086 JLINK_IsHalted()  returns TRUE (0001ms, 116329ms total)
T0F10 14857:200 JLINK_ReadMem (0x400E0C08, 0x0004 Bytes, ...) -- CPU_ReadMem(4 bytes @ 0x400E0C08) - Data: 00 00 00 00  returns 0x00 (0008ms, 116336ms total)
T0334 14857:302 JLINK_IsHalted()  returns TRUE (0005ms, 116341ms total)
T0334 14857:508 JLINK_IsHalted()  returns TRUE (0000ms, 116341ms total)
T0334 14857:736 JLINK_IsHalted()  returns TRUE (0000ms, 116341ms total)
T0334 14857:937 JLINK_IsHalted()  returns TRUE (0010ms, 116351ms total)
T0334 14858:148 JLINK_IsHalted()  returns TRUE (0000ms, 116341ms total)
T0F10 14858:208 JLINK_ReadMem (0x400E0C08, 0x0004 Bytes, ...) -- CPU_ReadMem(4 bytes @ 0x400E0C08) - Data: 00 00 00 00  returns 0x00 (0013ms, 116354ms total)
T0F10 14858:222 JLINK_ReadMem (0x400E0A08, 0x0004 Bytes, ...) -- CPU_ReadMem(4 bytes @ 0x400E0A08) - Data: 00 00 00 00  returns 0x00 (0002ms, 116356ms total)
T0F10 14858:227 JLINK_ReadMem (0x400E0A08, 0x0004 Bytes, ...) -- CPU_ReadMem(4 bytes @ 0x400E0A08) - Data: 00 00 00 00  returns 0x00 (0002ms, 116358ms total)
T0F10 14858:233 JLINK_ReadMem (0x400E0A08, 0x0004 Bytes, ...) -- CPU_ReadMem(4 bytes @ 0x400E0A08) - Data: 00 00 00 00  returns 0x00 (0003ms, 116361ms total)
T0F10 14858:252 JLINK_ReadMem (0x400E0A08, 0x0004 Bytes, ...) -- CPU_ReadMem(4 bytes @ 0x400E0A08) - Data: 00 00 00 00  returns 0x00 (0004ms, 116365ms total)
T0F10 14858:320 JLINK_ReadMem (0x400E0A08, 0x0004 Bytes, ...) -- CPU_ReadMem(4 bytes @ 0x400E0A08) - Data: 00 00 00 00  returns 0x00 (0007ms, 116372ms total)
T0334 14858:348 JLINK_IsHalted()  returns TRUE (0000ms, 116372ms total)
T0334 14858:549 JLINK_IsHalted()  returns TRUE (0016ms, 116388ms total)
T0F10 14858:584 JLINK_ReadMem (0x400E0A08, 0x0004 Bytes, ...) -- CPU_ReadMem(4 bytes @ 0x400E0A08) - Data: 00 00 00 00  returns 0x00 (0003ms, 116375ms total)
T0334 14858:767 JLINK_IsHalted()  returns TRUE (0000ms, 116375ms total)
T0334 14858:970 JLINK_IsHalted()  returns TRUE (0000ms, 116375ms total)
T0334 14859:171 JLINK_IsHalted()  returns TRUE (0020ms, 116395ms total)
T0334 14859:392 JLINK_IsHalted()  returns TRUE (0013ms, 116388ms total)
T0F10 14859:587 JLINK_ReadMem (0x400E0A08, 0x0004 Bytes, ...) -- CPU_ReadMem(4 bytes @ 0x400E0A08) - Data: 00 00 00 00  returns 0x00 (0022ms, 116397ms total)
T0334 14859:609 JLINK_IsHalted()  returns TRUE (0000ms, 116397ms total)
T0F10 14859:610 JLINK_ReadMem (0x400E0C08, 0x0004 Bytes, ...) -- CPU_ReadMem(4 bytes @ 0x400E0C08) - Data: 00 00 00 00  returns 0x00 (0003ms, 116400ms total)
T0F10 14859:614 JLINK_ReadMem (0x400E0C08, 0x0004 Bytes, ...) -- CPU_ReadMem(4 bytes @ 0x400E0C08) - Data: 00 00 00 00  returns 0x00 (0002ms, 116402ms total)
T0F10 14859:620 JLINK_ReadMem (0x400E0C08, 0x0004 Bytes, ...) -- CPU_ReadMem(4 bytes @ 0x400E0C08) - Data: 00 00 00 00  returns 0x00 (0004ms, 116406ms total)
T0F10 14859:640 JLINK_ReadMem (0x400E0C08, 0x0004 Bytes, ...) -- CPU_ReadMem(4 bytes @ 0x400E0C08) - Data: 00 00 00 00  returns 0x00 (0003ms, 116409ms total)
T0F10 14859:708 JLINK_ReadMem (0x400E0C08, 0x0004 Bytes, ...) -- CPU_ReadMem(4 bytes @ 0x400E0C08) - Data: 00 00 00 00  returns 0x00 (0006ms, 116415ms total)
T0334 14859:810 JLINK_IsHalted()  returns TRUE (0019ms, 116434ms total)
T0F10 14859:971 JLINK_ReadMem (0x400E0C08, 0x0004 Bytes, ...) -- CPU_ReadMem(4 bytes @ 0x400E0C08) - Data: 00 00 00 00  returns 0x00 (0011ms, 116426ms total)
T0334 14860:030 JLINK_IsHalted()  returns TRUE (0000ms, 116426ms total)
T0334 14860:231 JLINK_IsHalted()  returns TRUE (0000ms, 116426ms total)
T0334 14860:434 JLINK_IsHalted()  returns TRUE (0028ms, 116454ms total)
T0334 14860:669 JLINK_IsHalted()  returns TRUE (0000ms, 116426ms total)
T0334 14860:883 JLINK_IsHalted()  returns TRUE (0001ms, 116427ms total)
T0F10 14860:982 JLINK_ReadMem (0x400E0C08, 0x0004 Bytes, ...) -- CPU_ReadMem(4 bytes @ 0x400E0C08) - Data: 01 00 00 00  returns 0x00 (0021ms, 116447ms total)
T0F10 14861:003 JLINK_ReadMem (0x400E0A08, 0x0004 Bytes, ...) -- CPU_ReadMem(4 bytes @ 0x400E0A08) - Data: 01 00 00 00  returns 0x00 (0004ms, 116451ms total)
T0334 14861:085 JLINK_IsHalted()  returns TRUE (0008ms, 116459ms total)
T0F10 14861:096 JLINK_ResetPullsRESET(ON) (0000ms, 116451ms total)
T0F10 14861:096 JLINK_ResetNoHalt() >0x2F8 JTAG>TotalIRLen = 4, IRPrint = 0x01 >0x30 JTAG> >0x210 JTAG> >0x70 JTAG> >0x40 JTAG> >0x40 JTAG> >0x40 JTAG> >0x48 JTAG> >0x78 JTAG> >0x40 JTAG> >0x30 JTAG> >0x40 JTAG> >0x40 JTAG> >0x30 JTAG> >0x40 JTAG> >0x48 JTAG>Found Cortex-M4 r0p1, Little endian. -- CPU_WriteMem(4 bytes @ 0xE0002000) -- CPU_ReadMem(4 bytes @ 0xE000EDF0) -- CPU_ReadMem(4 bytes @ 0xE0002000)FPUnit: 6 code (BP) slots and 2 literal slots -- CPU_ReadMem(4 bytes @ 0xE000EDFC)
 -- CPU_ReadMem(4 bytes @ 0xE0001000) -- CPU_ReadMem(4 bytes @ 0xE000ED88) -- CPU_WriteMem(4 bytes @ 0xE000ED88) -- CPU_ReadMem(4 bytes @ 0xE000ED88) -- CPU_WriteMem(4 bytes @ 0xE000ED88)CoreSight components:ROMTbl 0 @ E00FF000 -- CPU_ReadMem(16 bytes @ 0xE00FF000) -- CPU_ReadMem(16 bytes @ 0xE000EFF0) -- CPU_ReadMem(16 bytes @ 0xE000EFE0)ROMTbl 0 [0]: FFF0F000, CID: B105E00D, PID: 000BB000 SCS -- CPU_WriteMem(4 bytes @ 0xE0001000) -- CPU_ReadMem(16 bytes @ 0xE0001FF0)
 -- CPU_ReadMem(16 bytes @ 0xE0001FE0)ROMTbl 0 [1]: FFF02000, CID: B105E00D, PID: 003BB002 DWT -- CPU_ReadMem(16 bytes @ 0xE0002FF0) -- CPU_ReadMem(16 bytes @ 0xE0002FE0)ROMTbl 0 [2]: FFF03000, CID: B105E00D, PID: 002BB003 FPB -- CPU_ReadMem(16 bytes @ 0xE0000FF0) -- CPU_ReadMem(16 bytes @ 0xE0000FE0)ROMTbl 0 [3]: FFF01000, CID: B105E00D, PID: 003BB001 ITM -- CPU_ReadMem(16 bytes @ 0xE00FF010) -- CPU_ReadMem(16 bytes @ 0xE0040FF0) -- CPU_ReadMem(16 bytes @ 0xE0040FE0)
ROMTbl 0 [4]: FFF41000, CID: B105900D, PID: 000BB9A1 TPIU
                JLINK_Reset() -- CPU_ReadMem(16 bytes @ 0x20000000) -- CPU_WriteMem(16 bytes @ 0x20000000) -- CPU_ReadMem(4 bytes @ 0xE000EDFC) -- CPU_WriteMem(4 bytes @ 0xE000EDFC) -- CPU_ReadMem(4 bytes @ 0xE0001000) -- CPU_WriteMem(4 bytes @ 0xE0001004) -- CPU_WriteMem(4 bytes @ 0xE000EDFC) -- CPU_WriteMem(16 bytes @ 0x20000000) -- CPU_WriteMem(4 bytes @ 0xE0002000) -- CPU_ReadMem(4 bytes @ 0xE000EDFC) -- CPU_ReadMem(4 bytes @ 0xE0001000) (0062ms, 0062ms total)
                JLINK_Go() -- CPU_ReadMem(4 bytes @ 0xE0001000) -- CPU_WriteMem(4 bytes @ 0xE0001004) (0058ms, 0120ms total)
               (0224ms, 116675ms total)
T0F10 14861:321 JLINK_ExecCommand("ProjectFile = C:\Users\rafa\Documents\Atmel Studio\7.0\GPIO\GPIO\jlink.config", ...)  returns 0x00 (0000ms, 116675ms total)
T0F10 14861:339 JLINK_ExecCommand("Device = AT91SAM4SD32C", ...)Device "ATSAM4SD32C" selected.  returns 0x00 (0001ms, 116676ms total)
T0F10 14861:340 JLINK_TIF_Select(JLINKARM_TIF_JTAG)  returns 0x00 (0000ms, 116676ms total)
T0F10 14861:340 JLINK_GetIdData(...) ScanLen=4 NumDevices=1 aId[0]=0x4BA00477 aIrRead[0]=0 aScanLen[0]=0 aScanRead[0]=0 (0000ms, 116676ms total)
T0F10 14861:340 JLINK_ConfigJTAG(IRPre = 0, DRPre = 0) (0000ms, 116676ms total)
T0F10 14861:340 JLINK_SetSpeed(4000) (0004ms, 116680ms total)
T0F10 14861:344 JLINK_ResetPullsRESET(OFF) (0000ms, 116680ms total)
T0F10 14861:344 JLINK_Connect() >0x2F8 JTAG>TotalIRLen = 4, IRPrint = 0x01 >0x30 JTAG> >0x210 JTAG> >0x70 JTAG> >0x40 JTAG> >0x40 JTAG> >0x40 JTAG> >0x48 JTAG> >0x78 JTAG> >0x40 JTAG> >0x30 JTAG> >0x40 JTAG> >0x40 JTAG> >0x30 JTAG> >0x40 JTAG> >0x48 JTAG>Found Cortex-M4 r0p1, Little endian. -- CPU_WriteMem(4 bytes @ 0xE0002000) -- CPU_ReadMem(4 bytes @ 0xE000EDF0) -- CPU_ReadMem(4 bytes @ 0xE0002000)FPUnit: 6 code (BP) slots and 2 literal slots -- CPU_ReadMem(4 bytes @ 0xE000EDFC)
 -- CPU_ReadMem(4 bytes @ 0xE0001000) -- CPU_WriteMem(4 bytes @ 0xE0001000) -- CPU_ReadMem(4 bytes @ 0xE000ED88) -- CPU_WriteMem(4 bytes @ 0xE000ED88) -- CPU_ReadMem(4 bytes @ 0xE000ED88) -- CPU_WriteMem(4 bytes @ 0xE000ED88)CoreSight components:ROMTbl 0 @ E00FF000 -- CPU_ReadMem(16 bytes @ 0xE00FF000) -- CPU_ReadMem(16 bytes @ 0xE000EFF0) -- CPU_ReadMem(16 bytes @ 0xE000EFE0)ROMTbl 0 [0]: FFF0F000, CID: B105E00D, PID: 000BB000 SCS -- CPU_ReadMem(16 bytes @ 0xE0001FF0)
 -- CPU_ReadMem(16 bytes @ 0xE0001FE0)ROMTbl 0 [1]: FFF02000, CID: B105E00D, PID: 003BB002 DWT -- CPU_ReadMem(16 bytes @ 0xE0002FF0) -- CPU_ReadMem(16 bytes @ 0xE0002FE0)ROMTbl 0 [2]: FFF03000, CID: B105E00D, PID: 002BB003 FPB -- CPU_ReadMem(16 bytes @ 0xE0000FF0) -- CPU_ReadMem(16 bytes @ 0xE0000FE0)ROMTbl 0 [3]: FFF01000, CID: B105E00D, PID: 003BB001 ITM -- CPU_ReadMem(16 bytes @ 0xE00FF010) -- CPU_ReadMem(16 bytes @ 0xE0040FF0) -- CPU_ReadMem(16 bytes @ 0xE0040FE0)
ROMTbl 0 [4]: FFF41000, CID: B105900D, PID: 000BB9A1 TPIU  returns 0x00 (0124ms, 116804ms total)
T0F10 14861:468 JLINK_WriteMem(0xE0001020, 0x0004 Bytes, ...) - Data: 00 00 00 00 -- CPU is running -- CPU_WriteMem(4 bytes @ 0xE0001020)  returns 0x04 (0007ms, 116811ms total)
T0F10 14861:475 JLINK_WriteMem(0xE0001024, 0x0004 Bytes, ...) - Data: 00 00 00 00 -- CPU is running -- CPU_WriteMem(4 bytes @ 0xE0001024)  returns 0x04 (0037ms, 116848ms total)
T0F10 14861:512 JLINK_WriteMem(0xE0001028, 0x0004 Bytes, ...) - Data: 00 00 00 00 -- CPU is running -- CPU_WriteMem(4 bytes @ 0xE0001028)  returns 0x04 (0002ms, 116850ms total)
T0F10 14861:517 JLINK_WriteMem(0xE0001030, 0x0004 Bytes, ...) - Data: 00 00 00 00 -- CPU is running -- CPU_WriteMem(4 bytes @ 0xE0001030)  returns 0x04 (0002ms, 116852ms total)
T0F10 14861:519 JLINK_WriteMem(0xE0001034, 0x0004 Bytes, ...) - Data: 00 00 00 00 -- CPU is running -- CPU_WriteMem(4 bytes @ 0xE0001034)  returns 0x04 (0003ms, 116855ms total)
T0F10 14861:522 JLINK_WriteMem(0xE0001038, 0x0004 Bytes, ...) - Data: 00 00 00 00 -- CPU is running -- CPU_WriteMem(4 bytes @ 0xE0001038)  returns 0x04 (0002ms, 116857ms total)
T0F10 14861:524 JLINK_WriteMem(0xE0001040, 0x0004 Bytes, ...) - Data: 00 00 00 00 -- CPU is running -- CPU_WriteMem(4 bytes @ 0xE0001040)  returns 0x04 (0002ms, 116859ms total)
T0F10 14861:526 JLINK_WriteMem(0xE0001044, 0x0004 Bytes, ...) - Data: 00 00 00 00 -- CPU is running -- CPU_WriteMem(4 bytes @ 0xE0001044)  returns 0x04 (0002ms, 116861ms total)
T0F10 14861:528 JLINK_WriteMem(0xE0001048, 0x0004 Bytes, ...) - Data: 00 00 00 00 -- CPU is running -- CPU_WriteMem(4 bytes @ 0xE0001048)  returns 0x04 (0003ms, 116864ms total)
T0F10 14861:531 JLINK_WriteMem(0xE0001050, 0x0004 Bytes, ...) - Data: 00 00 00 00 -- CPU is running -- CPU_WriteMem(4 bytes @ 0xE0001050)  returns 0x04 (0003ms, 116867ms total)
T0F10 14861:534 JLINK_WriteMem(0xE0001054, 0x0004 Bytes, ...) - Data: 00 00 00 00 -- CPU is running -- CPU_WriteMem(4 bytes @ 0xE0001054)  returns 0x04 (0002ms, 116869ms total)
T0F10 14861:536 JLINK_WriteMem(0xE0001058, 0x0004 Bytes, ...) - Data: 00 00 00 00 -- CPU is running -- CPU_WriteMem(4 bytes @ 0xE0001058)  returns 0x04 (0002ms, 116871ms total)
T0F10 14861:538 JLINK_Halt()  returns 0x00 (0006ms, 116877ms total)
T0F10 14861:544 JLINK_WriteMem(0x400E0A04, 0x0004 Bytes, ...) - Data: 0B 01 00 5A -- CPU_WriteMem(4 bytes @ 0x400E0A04)  returns 0x04 (0002ms, 116879ms total)
T0F10 14861:546 JLINK_ReadMem (0x400E0A08, 0x0004 Bytes, ...) -- CPU_ReadMem(4 bytes @ 0x400E0A08) - Data: 01 00 00 00  returns 0x00 (0003ms, 116882ms total)
T0F10 14861:550 JLINK_WriteMem(0x400E0A04, 0x0004 Bytes, ...) - Data: 0C 02 00 5A -- CPU_WriteMem(4 bytes @ 0x400E0A04)  returns 0x04 (0002ms, 116884ms total)
T0F10 14861:552 JLINK_ReadMem (0x400E0A08, 0x0004 Bytes, ...) -- CPU_ReadMem(4 bytes @ 0x400E0A08) - Data: 01 00 00 00  returns 0x00 (0002ms, 116886ms total)
T0F10 14861:554 JLINK_Reset() -- CPU_ReadMem(16 bytes @ 0x20000000) -- CPU_WriteMem(16 bytes @ 0x20000000) -- CPU_ReadMem(4 bytes @ 0xE000EDFC) -- CPU_WriteMem(4 bytes @ 0xE000EDFC) -- CPU_ReadMem(4 bytes @ 0xE0001000) -- CPU_WriteMem(4 bytes @ 0xE000EDFC) -- CPU_WriteMem(16 bytes @ 0x20000000) -- CPU_WriteMem(4 bytes @ 0xE0002000) -- CPU_ReadMem(4 bytes @ 0xE000EDFC) -- CPU_ReadMem(4 bytes @ 0xE0001000) (0051ms, 116937ms total)
T0F10 14861:630 JLINK_JTAG_GetDeviceID(DeviceIndex = 0)  returns 0x4BA00477 (0000ms, 116937ms total)
T0F10 14861:630 JLINK_ReadMemU32(0x400E0740, 0x0001 Items, ...) -- CPU_ReadMem(4 bytes @ 0x400E0740) - Data: E0 0E A7 29  returns 0x01 (0003ms, 116940ms total)
T0F10 14861:633 JLINK_ReadMemU32(0x400E0744, 0x0001 Items, ...) -- CPU_ReadMem(4 bytes @ 0x400E0744) - Data: 00 00 00 00  returns 0x01 (0002ms, 116942ms total)
T0F10 14861:637 JLINK_BeginDownload(Flags = 0x00) (0001ms, 116943ms total)
T0F10 14861:638 JLINK_WriteMem(0x00400000, 0x0798 Bytes, ...) - Data: C8 34 00 20 7D 03 40 00 79 03 40 00 79 03 40 00 ...  returns 0x798 (0000ms, 116943ms total)
T0F10 14861:639 JLINK_WriteMem(0x00400798, 0x0430 Bytes, ...) - Data: 00 09 3D 00 00 00 00 00 00 00 00 00 F4 02 00 20 ...  returns 0x430 (0000ms, 116943ms total)
T0DE0 14861:641 JLINK_IsHalted()  returns TRUE (0000ms, 116943ms total)
T0DE0 14861:641 JLINK_GetMOEs(...) -- CPU_ReadMem(4 bytes @ 0xE000ED30) -- CPU_WriteMem(4 bytes @ 0xE000ED30)  returns 0x01 (0005ms, 116948ms total)
T0DE0 14861:646 JLINK_ReadReg(R15 (PC)) -- -------------------------------------- -- Start of determining dirty areas in flash cache -- End of determining dirty areas -- Start of preparing flash programming -- Calculating RAM usage -- RAM usage = 2884 Bytes -- Preserving registers -- Preparing memory -- Determining CPU clock frequency -- CPU clock frequency: 4015 kHz -- CPU frequency = 4015 kHz -- Preparing target -- Downloading RAMCode -- Using alternate TurboMode RAMCode -- Checking target RAM
 -- Preparing RAMCode -- End of preparing flash programmingCPU is running at low speed (4015 kHz). -- CPU is running at 4015 kHz. -- Start of comparing flash -- Read back was estimated as fastest method -- Comparing range 0x400000 - 0x400BFF (6 Sectors, 3 KB), using multi-block CRC calculation -- CPU is running -- CPU_ReadMem(512 bytes @ 0x00400000) -- CPU is running -- CPU_ReadMem(512 bytes @ 0x00400200) -- CPU is running -- CPU_ReadMem(512 bytes @ 0x00400400) -- CPU is running
 -- CPU_ReadMem(512 bytes @ 0x00400600) -- CPU is running -- CPU_ReadMem(512 bytes @ 0x00400800) -- CPU is running -- CPU_ReadMem(512 bytes @ 0x00400A00) -- CRC does not match for sectors 0-5 -- End of comparing flash -- Start of erasing sectors -- End of erasing sectors -- Start of flash programming -- Programming range 0x00400000 - 0x00400BFF (006 Sectors, 3 KB) -- End of flash programming -- Flash programming performed for 1 range (3072 bytes) -- 0x400000 - 0x400BFF (006 Sectors, 3 KB)
 -- Start of verifying flash -- Checksum calculation was estimated as fastest method -- End of verifying flash -- Start of restoring -- Restore RAMCode -- Restore content of target memory -- Restore target -- Restore memory -- Restore content of registers -- End of restoring -- Total time needed: 0.320s (Prepare: 0.188s, Compare: 0.039s, Erase: 0.000s, Program: 0.072s, Verify: 0.002s, Restore: 0.017s)  returns 0xFFFFFFFE (0329ms, 117277ms total)
T0D9C 14862:163 JLINK_Halt()  returns 0x00 (0004ms, 117281ms total)
T0D9C 14862:167 JLINK_ReadReg(R15 (PC))  returns 0xFFFFFFFE (0000ms, 117281ms total)
T0D9C 14862:167 JLINK_ReadReg(R13 (SP))  returns 0xFFFFFFFC (0000ms, 117281ms total)
T0DE0 14862:205 JLINK_IsHalted()  returns TRUE (0000ms, 117281ms total)
T0D9C 14862:364 JLINK_ReadReg(R0)  returns 0x400E1400 (0000ms, 117281ms total)
T0D9C 14862:364 JLINK_ReadReg(R1)  returns 0x40C00000 (0000ms, 117281ms total)
T0D9C 14862:364 JLINK_ReadReg(R2)  returns 0xA5000005 (0000ms, 117281ms total)
T0D9C 14862:365 JLINK_ReadReg(R3)  returns 0x400E0E00 (0000ms, 117282ms total)
T0D9C 14862:365 JLINK_ReadReg(R4)  returns 0x00400325 (0000ms, 117282ms total)
T0D9C 14862:365 JLINK_ReadReg(R5)  returns 0xF61349E7 (0000ms, 117282ms total)
T0D9C 14862:365 JLINK_ReadReg(R6)  returns 0x3CFDF2DB (0000ms, 117282ms total)
T0D9C 14862:365 JLINK_ReadReg(R7)  returns 0xAE33B22D (0000ms, 117282ms total)
T0D9C 14862:365 JLINK_ReadReg(R8)  returns 0x125B91F4 (0000ms, 117282ms total)
T0D9C 14862:365 JLINK_ReadReg(R9)  returns 0x573B14BD (0000ms, 117282ms total)
T0D9C 14862:365 JLINK_ReadReg(R10)  returns 0xAEEAFA67 (0000ms, 117282ms total)
T0D9C 14862:365 JLINK_ReadReg(R11)  returns 0x82BD7A09 (0000ms, 117282ms total)
T0D9C 14862:365 JLINK_ReadReg(R12)  returns 0x65C018C4 (0000ms, 117282ms total)
T0D9C 14862:365 JLINK_ReadReg(R13 (SP))  returns 0xFFFFFFFC (0000ms, 117282ms total)
T0D9C 14862:365 JLINK_ReadReg(R14)  returns 0xFFFFFFFF (0000ms, 117282ms total)
T0D9C 14862:365 JLINK_ReadReg(R15 (PC))  returns 0xFFFFFFFE (0000ms, 117282ms total)
T0D9C 14862:365 JLINK_ReadReg(XPSR)  returns 0x01000000 (0000ms, 117282ms total)
T0D9C 14862:365 JLINK_ReadReg(MSP)  returns 0xFFFFFFFC (0000ms, 117282ms total)
T0D9C 14862:365 JLINK_ReadReg(PSP)  returns 0x39773778 (0000ms, 117282ms total)
T0D9C 14862:365 JLINK_ReadReg(PRIMASK)  returns 0x00000000 (0000ms, 117282ms total)
T0D9C 14862:365 JLINK_ReadReg(BASEPRI)  returns 0x00000000 (0001ms, 117283ms total)
T0D9C 14862:366 JLINK_ReadReg(FAULTMASK)  returns 0x00000000 (0000ms, 117283ms total)
T0D9C 14862:366 JLINK_ReadReg(CONTROL)  returns 0x00000000 (0000ms, 117283ms total)
T0D9C 14862:402 JLINK_EndDownload()  returns 0x00 (0000ms, 117283ms total)
T0D9C 14862:402 JLINK_Reset() -- CPU_ReadMem(16 bytes @ 0x20000000) -- CPU_WriteMem(16 bytes @ 0x20000000) -- CPU_ReadMem(4 bytes @ 0xE000EDFC) -- CPU_WriteMem(4 bytes @ 0xE000EDFC) -- CPU_ReadMem(4 bytes @ 0xE0001000) -- CPU_WriteMem(4 bytes @ 0xE000EDFC) -- CPU_WriteMem(16 bytes @ 0x20000000) -- CPU_WriteMem(4 bytes @ 0xE0002000) -- CPU_ReadMem(4 bytes @ 0xE000EDFC) -- CPU_ReadMem(4 bytes @ 0xE0001000) (0068ms, 117351ms total)
T0DE0 14862:470 JLINK_IsHalted()  returns TRUE (0002ms, 117353ms total)
T0DE0 14862:472 JLINK_GetMOEs(...) -- CPU_ReadMem(4 bytes @ 0xE000ED30) -- CPU_WriteMem(4 bytes @ 0xE000ED30)  returns 0x01 (0010ms, 117361ms total)
T0DE0 14862:482 JLINK_ReadReg(R15 (PC))  returns 0x0040037C (0000ms, 117361ms total)
T0D9C 14862:491 JLINK_ReadReg(R15 (PC))  returns 0x0040037C (0000ms, 117361ms total)
T0D9C 14862:491 JLINK_ReadReg(R13 (SP))  returns 0x200034C8 (0000ms, 117361ms total)
T0D9C 14862:504 JLINK_ReadMemHW(0x0040037C, 0x0004 Bytes, ...) -- CPU_ReadMem(4 bytes @ 0x0040037C) - Data: 08 B5 20 4B  returns 0x00 (0003ms, 117364ms total)
T0D9C 14862:520 JLINK_ReadMemHW(0x004005D6, 0x0002 Bytes, ...) -- CPU_ReadMem(2 bytes @ 0x004005D6) - Data: 11 4B  returns 0x00 (0003ms, 117367ms total)
T0D9C 14862:523 JLINK_ReadMemHW(0x004005D8, 0x0002 Bytes, ...) -- CPU_ReadMem(2 bytes @ 0x004005D8) - Data: 98 47  returns 0x00 (0003ms, 117370ms total)
T0D9C 14862:527 JLINK_ReadMemHW(0x00400618, 0x0002 Bytes, ...) -- CPU_ReadMem(2 bytes @ 0x00400618) - Data: FE E7  returns 0x00 (0002ms, 117372ms total)
T0F10 14862:531 JLINK_GetNumBPUnits(Type = 0xFFFFFF02)  returns 0x06 (0000ms, 117372ms total)
T0F10 14862:531 JLINK_SetBPEx(Addr = 0x00400618, Type = 0xFFFFFFF2)  returns 0x00000001 (0000ms, 117372ms total)
T0F10 14862:531 JLINK_GetBPInfo(BPHandle = 1)  returns 0x00 (0000ms, 117372ms total)
T0D9C 14862:566 JLINK_ReadMemHW(0x004005D4, 0x0001 Bytes, ...) -- CPU_ReadMem(1 bytes @ 0x004005D4) - Data: 08  returns 0x00 (0003ms, 117375ms total)
T0D9C 14862:587 JLINK_ReadReg(R15 (PC))  returns 0x0040037C (0000ms, 117375ms total)
T0D9C 14862:587 JLINK_SetBPEx(Addr = 0x004005D4, Type = 0xFFFFFF02)  returns 0x00000002 (0000ms, 117375ms total)
T0D9C 14862:587 JLINK_GetBPInfo(BPHandle = 2)  returns 0x00 (0000ms, 117375ms total)
T0D9C 14862:588 JLINK_Go() -- CPU_ReadMem(4 bytes @ 0xE0001000) -- CPU_WriteMem(4 bytes @ 0xE0002008) -- CPU_WriteMem(4 bytes @ 0xE000200C) -- CPU_WriteMem(4 bytes @ 0xE0002010) -- CPU_WriteMem(4 bytes @ 0xE0002014) -- CPU_WriteMem(4 bytes @ 0xE0002018) -- CPU_WriteMem(4 bytes @ 0xE000201C) -- CPU_WriteMem(4 bytes @ 0xE0001004) (0021ms, 117396ms total)
T0DE0 14862:609 JLINK_IsHalted()  returns TRUE (0007ms, 117403ms total)
T0DE0 14862:616 JLINK_GetMOEs(...) -- CPU_ReadMem(4 bytes @ 0xE000ED30) -- CPU_WriteMem(4 bytes @ 0xE000ED30)  returns 0x01 (0005ms, 117401ms total)
T0DE0 14862:621 JLINK_ReadReg(R15 (PC))  returns 0x004005D4 (0000ms, 117401ms total)
T0DE0 14862:621 JLINK_GetBPInfo(BPHandle = 2)  returns 0x00 (0000ms, 117401ms total)
T0DE0 14862:621 JLINK_ClrBPEx(BPHandle = 0x00000002)  returns 0x00 (0000ms, 117401ms total)
T0D9C 14862:629 JLINK_ReadReg(R15 (PC))  returns 0x004005D4 (0000ms, 117401ms total)
T0D9C 14862:629 JLINK_ReadReg(R13 (SP))  returns 0x200034C0 (0000ms, 117401ms total)
T0D9C 14862:630 JLINK_ReadMemHW(0x004005D4, 0x0004 Bytes, ...) -- CPU_ReadMem(4 bytes @ 0x004005D4) - Data: 08 B5 11 4B  returns 0x00 (0002ms, 117403ms total)
T0D9C 14862:640 JLINK_ReadReg(R15 (PC))  returns 0x004005D4 (0000ms, 117403ms total)
T0D9C 14862:640 JLINK_Go() -- CPU_ReadMem(4 bytes @ 0xE0001000) -- CPU_WriteMem(4 bytes @ 0xE000200C) (0009ms, 117412ms total)
T0DE0 14862:649 JLINK_IsHalted()  returns FALSE (0002ms, 117414ms total)
T0DE0 14862:691 JLINK_IsHalted()  returns TRUE (0010ms, 117422ms total)
T0DE0 14862:701 JLINK_GetMOEs(...) -- CPU_ReadMem(4 bytes @ 0xE000ED30) -- CPU_WriteMem(4 bytes @ 0xE000ED30)  returns 0x01 (0005ms, 117417ms total)
T0DE0 14862:706 JLINK_ReadReg(R15 (PC))  returns 0x00400618 (0000ms, 117417ms total)
T0D9C 14862:711 JLINK_ReadReg(R15 (PC))  returns 0x00400618 (0000ms, 117417ms total)
T0D9C 14862:711 JLINK_ReadReg(R13 (SP))  returns 0x200034B8 (0001ms, 117418ms total)
T0D9C 14862:712 JLINK_ReadMemHW(0x00400618, 0x0004 Bytes, ...) -- CPU_ReadMem(4 bytes @ 0x00400618) - Data: FE E7 00 BF  returns 0x00 (0002ms, 117420ms total)
T0F10 14862:781 JLINK_ReadMem (0x40000000, 0x01EA Bytes, ...) -- CPU_ReadMem(490 bytes @ 0x40000000) - Data: 00 00 00 00 00 00 00 00 00 00 00 00 00 00 00 00 ...  returns 0x00 (0005ms, 117425ms total)
T0F10 14862:793 JLINK_ReadMem (0x40000000, 0x01EA Bytes, ...) -- CPU_ReadMem(490 bytes @ 0x40000000) - Data: 00 00 00 00 00 00 00 00 00 00 00 00 00 00 00 00 ...  returns 0x00 (0005ms, 117430ms total)
T0F10 14862:847 JLINK_GetDebugInfo(0x100) -- Value=0xE00FF003  returns 0x00 (0000ms, 117430ms total)
T0F10 14862:847 JLINK_ReadMem (0xE00FFFF0, 0x0010 Bytes, ...) -- CPU_ReadMem(16 bytes @ 0xE00FFFF0) - Data: 0D 00 00 00 10 00 00 00 05 00 00 00 B1 00 00 00  returns 0x00 (0004ms, 117434ms total)
T0F10 14862:851 JLINK_ReadMem (0xE00FFFD0, 0x0020 Bytes, ...) -- CPU_ReadMem(32 bytes @ 0xE00FFFD0) - Data: 04 00 00 00 00 00 00 00 00 00 00 00 00 00 00 00 ...  returns 0x00 (0002ms, 117436ms total)
T0F10 14862:853 JLINK_ReadMemU32(0xE00FF000, 0x0001 Items, ...) -- CPU_ReadMem(4 bytes @ 0xE00FF000) - Data: 03 F0 F0 FF  returns 0x01 (0002ms, 117438ms total)
T0F10 14862:855 JLINK_ReadMem (0xE000EFF0, 0x0010 Bytes, ...) -- CPU_ReadMem(16 bytes @ 0xE000EFF0) - Data: 0D 00 00 00 E0 00 00 00 05 00 00 00 B1 00 00 00  returns 0x00 (0003ms, 117441ms total)
T0F10 14862:858 JLINK_ReadMem (0xE000EFD0, 0x0020 Bytes, ...) -- CPU_ReadMem(32 bytes @ 0xE000EFD0) - Data: 04 00 00 00 00 00 00 00 00 00 00 00 00 00 00 00 ...  returns 0x00 (0002ms, 117443ms total)
T0F10 14862:860 JLINK_ReadMemU32(0xE00FF004, 0x0001 Items, ...) -- CPU_ReadMem(4 bytes @ 0xE00FF004) - Data: 03 20 F0 FF  returns 0x01 (0002ms, 117445ms total)
T0F10 14862:862 JLINK_ReadMem (0xE0001FF0, 0x0010 Bytes, ...) -- CPU_ReadMem(16 bytes @ 0xE0001FF0) - Data: 0D 00 00 00 E0 00 00 00 05 00 00 00 B1 00 00 00  returns 0x00 (0002ms, 117447ms total)
T0F10 14862:864 JLINK_ReadMem (0xE0001FD0, 0x0020 Bytes, ...) -- CPU_ReadMem(32 bytes @ 0xE0001FD0) - Data: 04 00 00 00 00 00 00 00 00 00 00 00 00 00 00 00 ...  returns 0x00 (0002ms, 117449ms total)
T0F10 14862:866 JLINK_ReadMemU32(0xE00FF008, 0x0001 Items, ...) -- CPU_ReadMem(4 bytes @ 0xE00FF008) - Data: 03 30 F0 FF  returns 0x01 (0004ms, 117453ms total)
T0F10 14862:870 JLINK_ReadMem (0xE0002FF0, 0x0010 Bytes, ...) -- CPU_ReadMem(16 bytes @ 0xE0002FF0) - Data: 0D 00 00 00 E0 00 00 00 05 00 00 00 B1 00 00 00  returns 0x00 (0003ms, 117456ms total)
T0F10 14862:873 JLINK_ReadMem (0xE0002FD0, 0x0020 Bytes, ...) -- CPU_ReadMem(32 bytes @ 0xE0002FD0) - Data: 04 00 00 00 00 00 00 00 00 00 00 00 00 00 00 00 ...  returns 0x00 (0002ms, 117458ms total)
T0F10 14862:875 JLINK_ReadMemU32(0xE00FF00C, 0x0001 Items, ...) -- CPU_ReadMem(4 bytes @ 0xE00FF00C) - Data: 03 10 F0 FF  returns 0x01 (0003ms, 117461ms total)
T0F10 14862:878 JLINK_ReadMem (0xE0000FF0, 0x0010 Bytes, ...) -- CPU_ReadMem(16 bytes @ 0xE0000FF0) - Data: 0D 00 00 00 E0 00 00 00 05 00 00 00 B1 00 00 00  returns 0x00 (0002ms, 117463ms total)
T0F10 14862:880 JLINK_ReadMem (0xE0000FD0, 0x0020 Bytes, ...) -- CPU_ReadMem(32 bytes @ 0xE0000FD0) - Data: 04 00 00 00 00 00 00 00 00 00 00 00 00 00 00 00 ...  returns 0x00 (0002ms, 117465ms total)
T0F10 14862:882 JLINK_ReadMemU32(0xE00FF010, 0x0001 Items, ...) -- CPU_ReadMem(4 bytes @ 0xE00FF010) - Data: 03 10 F4 FF  returns 0x01 (0002ms, 117467ms total)
T0F10 14862:884 JLINK_ReadMem (0xE0040FF0, 0x0010 Bytes, ...) -- CPU_ReadMem(16 bytes @ 0xE0040FF0) - Data: 0D 00 00 00 90 00 00 00 05 00 00 00 B1 00 00 00  returns 0x00 (0002ms, 117469ms total)
T0F10 14862:886 JLINK_ReadMem (0xE0040FD0, 0x0020 Bytes, ...) -- CPU_ReadMem(32 bytes @ 0xE0040FD0) - Data: 04 00 00 00 00 00 00 00 00 00 00 00 00 00 00 00 ...  returns 0x00 (0002ms, 117471ms total)
T0F10 14862:888 JLINK_ReadMemU32(0xE00FF014, 0x0001 Items, ...) -- CPU_ReadMem(4 bytes @ 0xE00FF014) - Data: 02 20 F4 FF  returns 0x01 (0002ms, 117473ms total)
T0F10 14862:890 JLINK_ReadMemU32(0xE00FF018, 0x0001 Items, ...) -- CPU_ReadMem(4 bytes @ 0xE00FF018) - Data: 00 00 00 00  returns 0x01 (0002ms, 117475ms total)
T0F10 14862:892 JLINK_GetDebugInfo(0x100) -- Value=0xE00FF003  returns 0x00 (0000ms, 117475ms total)
T0F10 14862:892 JLINK_ReadMem (0xE00FFFF0, 0x0010 Bytes, ...) -- CPU_ReadMem(16 bytes @ 0xE00FFFF0) - Data: 0D 00 00 00 10 00 00 00 05 00 00 00 B1 00 00 00  returns 0x00 (0002ms, 117477ms total)
T0F10 14862:894 JLINK_ReadMem (0xE00FFFD0, 0x0020 Bytes, ...) -- CPU_ReadMem(32 bytes @ 0xE00FFFD0) - Data: 04 00 00 00 00 00 00 00 00 00 00 00 00 00 00 00 ...  returns 0x00 (0002ms, 117479ms total)
T0F10 14862:896 JLINK_ReadMemU32(0xE00FF000, 0x0001 Items, ...) -- CPU_ReadMem(4 bytes @ 0xE00FF000) - Data: 03 F0 F0 FF  returns 0x01 (0002ms, 117481ms total)
T0F10 14862:898 JLINK_ReadMem (0xE000EFF0, 0x0010 Bytes, ...) -- CPU_ReadMem(16 bytes @ 0xE000EFF0) - Data: 0D 00 00 00 E0 00 00 00 05 00 00 00 B1 00 00 00  returns 0x00 (0004ms, 117485ms total)
T0F10 14862:902 JLINK_ReadMem (0xE000EFD0, 0x0020 Bytes, ...) -- CPU_ReadMem(32 bytes @ 0xE000EFD0) - Data: 04 00 00 00 00 00 00 00 00 00 00 00 00 00 00 00 ...  returns 0x00 (0002ms, 117487ms total)
T0F10 14862:904 JLINK_ReadMemU32(0xE00FF004, 0x0001 Items, ...) -- CPU_ReadMem(4 bytes @ 0xE00FF004) - Data: 03 20 F0 FF  returns 0x01 (0002ms, 117489ms total)
T0F10 14862:906 JLINK_ReadMem (0xE0001FF0, 0x0010 Bytes, ...) -- CPU_ReadMem(16 bytes @ 0xE0001FF0) - Data: 0D 00 00 00 E0 00 00 00 05 00 00 00 B1 00 00 00  returns 0x00 (0003ms, 117492ms total)
T0DE0 14862:909 JLINK_IsHalted()  returns TRUE (0000ms, 117492ms total)
T0F10 14862:909 JLINK_ReadMem (0xE0001FD0, 0x0020 Bytes, ...) -- CPU_ReadMem(32 bytes @ 0xE0001FD0) - Data: 04 00 00 00 00 00 00 00 00 00 00 00 00 00 00 00 ...  returns 0x00 (0002ms, 117494ms total)
T0F10 14862:911 JLINK_ReadMemU32(0xE00FF008, 0x0001 Items, ...) -- CPU_ReadMem(4 bytes @ 0xE00FF008) - Data: 03 30 F0 FF  returns 0x01 (0002ms, 117496ms total)
T0F10 14862:913 JLINK_ReadMem (0xE0002FF0, 0x0010 Bytes, ...) -- CPU_ReadMem(16 bytes @ 0xE0002FF0) - Data: 0D 00 00 00 E0 00 00 00 05 00 00 00 B1 00 00 00  returns 0x00 (0002ms, 117498ms total)
T0F10 14862:915 JLINK_ReadMem (0xE0002FD0, 0x0020 Bytes, ...) -- CPU_ReadMem(32 bytes @ 0xE0002FD0) - Data: 04 00 00 00 00 00 00 00 00 00 00 00 00 00 00 00 ...  returns 0x00 (0002ms, 117500ms total)
T0F10 14862:917 JLINK_ReadMemU32(0xE00FF00C, 0x0001 Items, ...) -- CPU_ReadMem(4 bytes @ 0xE00FF00C) - Data: 03 10 F0 FF  returns 0x01 (0003ms, 117503ms total)
T0F10 14862:920 JLINK_ReadMem (0xE0000FF0, 0x0010 Bytes, ...) -- CPU_ReadMem(16 bytes @ 0xE0000FF0) - Data: 0D 00 00 00 E0 00 00 00 05 00 00 00 B1 00 00 00  returns 0x00 (0002ms, 117505ms total)
T0F10 14862:922 JLINK_ReadMem (0xE0000FD0, 0x0020 Bytes, ...) -- CPU_ReadMem(32 bytes @ 0xE0000FD0) - Data: 04 00 00 00 00 00 00 00 00 00 00 00 00 00 00 00 ...  returns 0x00 (0003ms, 117508ms total)
T0F10 14862:925 JLINK_ReadMemU32(0xE00FF010, 0x0001 Items, ...) -- CPU_ReadMem(4 bytes @ 0xE00FF010) - Data: 03 10 F4 FF  returns 0x01 (0002ms, 117510ms total)
T0F10 14862:927 JLINK_ReadMem (0xE0040FF0, 0x0010 Bytes, ...) -- CPU_ReadMem(16 bytes @ 0xE0040FF0) - Data: 0D 00 00 00 90 00 00 00 05 00 00 00 B1 00 00 00  returns 0x00 (0002ms, 117512ms total)
T0F10 14862:929 JLINK_ReadMem (0xE0040FD0, 0x0020 Bytes, ...) -- CPU_ReadMem(32 bytes @ 0xE0040FD0) - Data: 04 00 00 00 00 00 00 00 00 00 00 00 00 00 00 00 ...  returns 0x00 (0003ms, 117515ms total)
T0F10 14862:932 JLINK_ReadMemU32(0xE00FF014, 0x0001 Items, ...) -- CPU_ReadMem(4 bytes @ 0xE00FF014) - Data: 02 20 F4 FF  returns 0x01 (0002ms, 117517ms total)
T0F10 14862:934 JLINK_ReadMemU32(0xE00FF018, 0x0001 Items, ...) -- CPU_ReadMem(4 bytes @ 0xE00FF018) - Data: 00 00 00 00  returns 0x01 (0002ms, 117519ms total)
T0F10 14862:936 JLINK_GetDebugInfo(0x100) -- Value=0xE00FF003  returns 0x00 (0000ms, 117519ms total)
T0F10 14862:936 JLINK_ReadMem (0xE00FFFF0, 0x0010 Bytes, ...) -- CPU_ReadMem(16 bytes @ 0xE00FFFF0) - Data: 0D 00 00 00 10 00 00 00 05 00 00 00 B1 00 00 00  returns 0x00 (0006ms, 117525ms total)
T0F10 14862:942 JLINK_ReadMem (0xE00FFFD0, 0x0020 Bytes, ...) -- CPU_ReadMem(32 bytes @ 0xE00FFFD0) - Data: 04 00 00 00 00 00 00 00 00 00 00 00 00 00 00 00 ...  returns 0x00 (0003ms, 117528ms total)
T0F10 14862:945 JLINK_ReadMemU32(0xE00FF000, 0x0001 Items, ...) -- CPU_ReadMem(4 bytes @ 0xE00FF000) - Data: 03 F0 F0 FF  returns 0x01 (0002ms, 117530ms total)
T0F10 14862:947 JLINK_ReadMem (0xE000EFF0, 0x0010 Bytes, ...) -- CPU_ReadMem(16 bytes @ 0xE000EFF0) - Data: 0D 00 00 00 E0 00 00 00 05 00 00 00 B1 00 00 00  returns 0x00 (0003ms, 117533ms total)
T0F10 14862:950 JLINK_ReadMem (0xE000EFD0, 0x0020 Bytes, ...) -- CPU_ReadMem(32 bytes @ 0xE000EFD0) - Data: 04 00 00 00 00 00 00 00 00 00 00 00 00 00 00 00 ...  returns 0x00 (0002ms, 117535ms total)
T0F10 14862:952 JLINK_ReadMemU32(0xE00FF004, 0x0001 Items, ...) -- CPU_ReadMem(4 bytes @ 0xE00FF004) - Data: 03 20 F0 FF  returns 0x01 (0002ms, 117537ms total)
T0F10 14862:954 JLINK_ReadMem (0xE0001FF0, 0x0010 Bytes, ...) -- CPU_ReadMem(16 bytes @ 0xE0001FF0) - Data: 0D 00 00 00 E0 00 00 00 05 00 00 00 B1 00 00 00  returns 0x00 (0002ms, 117539ms total)
T0F10 14862:956 JLINK_ReadMem (0xE0001FD0, 0x0020 Bytes, ...) -- CPU_ReadMem(32 bytes @ 0xE0001FD0) - Data: 04 00 00 00 00 00 00 00 00 00 00 00 00 00 00 00 ...  returns 0x00 (0002ms, 117541ms total)
T0F10 14862:958 JLINK_ReadMemU32(0xE00FF008, 0x0001 Items, ...) -- CPU_ReadMem(4 bytes @ 0xE00FF008) - Data: 03 30 F0 FF  returns 0x01 (0003ms, 117544ms total)
T0F10 14862:961 JLINK_ReadMem (0xE0002FF0, 0x0010 Bytes, ...) -- CPU_ReadMem(16 bytes @ 0xE0002FF0) - Data: 0D 00 00 00 E0 00 00 00 05 00 00 00 B1 00 00 00  returns 0x00 (0002ms, 117546ms total)
T0F10 14862:963 JLINK_ReadMem (0xE0002FD0, 0x0020 Bytes, ...) -- CPU_ReadMem(32 bytes @ 0xE0002FD0) - Data: 04 00 00 00 00 00 00 00 00 00 00 00 00 00 00 00 ...  returns 0x00 (0002ms, 117548ms total)
T0F10 14862:965 JLINK_ReadMemU32(0xE00FF00C, 0x0001 Items, ...) -- CPU_ReadMem(4 bytes @ 0xE00FF00C) - Data: 03 10 F0 FF  returns 0x01 (0002ms, 117550ms total)
T0F10 14862:967 JLINK_ReadMem (0xE0000FF0, 0x0010 Bytes, ...) -- CPU_ReadMem(16 bytes @ 0xE0000FF0) - Data: 0D 00 00 00 E0 00 00 00 05 00 00 00 B1 00 00 00  returns 0x00 (0004ms, 117554ms total)
T0F10 14862:971 JLINK_ReadMem (0xE0000FD0, 0x0020 Bytes, ...) -- CPU_ReadMem(32 bytes @ 0xE0000FD0) - Data: 04 00 00 00 00 00 00 00 00 00 00 00 00 00 00 00 ...  returns 0x00 (0003ms, 117557ms total)
T0F10 14862:974 JLINK_ReadMemU32(0xE00FF010, 0x0001 Items, ...) -- CPU_ReadMem(4 bytes @ 0xE00FF010) - Data: 03 10 F4 FF  returns 0x01 (0002ms, 117559ms total)
T0F10 14862:976 JLINK_ReadMem (0xE0040FF0, 0x0010 Bytes, ...) -- CPU_ReadMem(16 bytes @ 0xE0040FF0) - Data: 0D 00 00 00 90 00 00 00 05 00 00 00 B1 00 00 00  returns 0x00 (0002ms, 117561ms total)
T0F10 14862:978 JLINK_ReadMem (0xE0040FD0, 0x0020 Bytes, ...) -- CPU_ReadMem(32 bytes @ 0xE0040FD0) - Data: 04 00 00 00 00 00 00 00 00 00 00 00 00 00 00 00 ...  returns 0x00 (0002ms, 117563ms total)
T0F10 14862:980 JLINK_ReadMemU32(0xE00FF014, 0x0001 Items, ...) -- CPU_ReadMem(4 bytes @ 0xE00FF014) - Data: 02 20 F4 FF  returns 0x01 (0002ms, 117565ms total)
T0F10 14862:982 JLINK_ReadMemU32(0xE00FF018, 0x0001 Items, ...) -- CPU_ReadMem(4 bytes @ 0xE00FF018) - Data: 00 00 00 00  returns 0x01 (0002ms, 117567ms total)
T0F10 14862:984 JLINK_GetDebugInfo(0x100) -- Value=0xE00FF003  returns 0x00 (0000ms, 117567ms total)
T0F10 14862:984 JLINK_ReadMem (0xE00FFFF0, 0x0010 Bytes, ...) -- CPU_ReadMem(16 bytes @ 0xE00FFFF0) - Data: 0D 00 00 00 10 00 00 00 05 00 00 00 B1 00 00 00  returns 0x00 (0002ms, 117569ms total)
T0F10 14862:986 JLINK_ReadMem (0xE00FFFD0, 0x0020 Bytes, ...) -- CPU_ReadMem(32 bytes @ 0xE00FFFD0) - Data: 04 00 00 00 00 00 00 00 00 00 00 00 00 00 00 00 ...  returns 0x00 (0002ms, 117571ms total)
T0F10 14862:988 JLINK_ReadMemU32(0xE00FF000, 0x0001 Items, ...) -- CPU_ReadMem(4 bytes @ 0xE00FF000) - Data: 03 F0 F0 FF  returns 0x01 (0003ms, 117574ms total)
T0F10 14862:991 JLINK_ReadMem (0xE000EFF0, 0x0010 Bytes, ...) -- CPU_ReadMem(16 bytes @ 0xE000EFF0) - Data: 0D 00 00 00 E0 00 00 00 05 00 00 00 B1 00 00 00  returns 0x00 (0002ms, 117576ms total)
T0F10 14862:993 JLINK_ReadMem (0xE000EFD0, 0x0020 Bytes, ...) -- CPU_ReadMem(32 bytes @ 0xE000EFD0) - Data: 04 00 00 00 00 00 00 00 00 00 00 00 00 00 00 00 ...  returns 0x00 (0002ms, 117578ms total)
T0F10 14862:995 JLINK_ReadMemU32(0xE00FF004, 0x0001 Items, ...) -- CPU_ReadMem(4 bytes @ 0xE00FF004) - Data: 03 20 F0 FF  returns 0x01 (0002ms, 117580ms total)
T0F10 14862:997 JLINK_ReadMem (0xE0001FF0, 0x0010 Bytes, ...) -- CPU_ReadMem(16 bytes @ 0xE0001FF0) - Data: 0D 00 00 00 E0 00 00 00 05 00 00 00 B1 00 00 00  returns 0x00 (0002ms, 117582ms total)
T0F10 14862:999 JLINK_ReadMem (0xE0001FD0, 0x0020 Bytes, ...) -- CPU_ReadMem(32 bytes @ 0xE0001FD0) - Data: 04 00 00 00 00 00 00 00 00 00 00 00 00 00 00 00 ...  returns 0x00 (0002ms, 117584ms total)
T0F10 14863:001 JLINK_ReadMemU32(0xE00FF008, 0x0001 Items, ...) -- CPU_ReadMem(4 bytes @ 0xE00FF008) - Data: 03 30 F0 FF  returns 0x01 (0003ms, 117587ms total)
T0F10 14863:004 JLINK_ReadMem (0xE0002FF0, 0x0010 Bytes, ...) -- CPU_ReadMem(16 bytes @ 0xE0002FF0) - Data: 0D 00 00 00 E0 00 00 00 05 00 00 00 B1 00 00 00  returns 0x00 (0002ms, 117589ms total)
T0F10 14863:006 JLINK_ReadMem (0xE0002FD0, 0x0020 Bytes, ...) -- CPU_ReadMem(32 bytes @ 0xE0002FD0) - Data: 04 00 00 00 00 00 00 00 00 00 00 00 00 00 00 00 ...  returns 0x00 (0002ms, 117591ms total)
T0F10 14863:008 JLINK_ReadMemU32(0xE00FF00C, 0x0001 Items, ...) -- CPU_ReadMem(4 bytes @ 0xE00FF00C) - Data: 03 10 F0 FF  returns 0x01 (0002ms, 117593ms total)
T0F10 14863:010 JLINK_ReadMem (0xE0000FF0, 0x0010 Bytes, ...) -- CPU_ReadMem(16 bytes @ 0xE0000FF0) - Data: 0D 00 00 00 E0 00 00 00 05 00 00 00 B1 00 00 00  returns 0x00 (0002ms, 117595ms total)
T0F10 14863:012 JLINK_ReadMem (0xE0000FD0, 0x0020 Bytes, ...) -- CPU_ReadMem(32 bytes @ 0xE0000FD0) - Data: 04 00 00 00 00 00 00 00 00 00 00 00 00 00 00 00 ...  returns 0x00 (0002ms, 117597ms total)
T0F10 14863:014 JLINK_ReadMemU32(0xE00FF010, 0x0001 Items, ...) -- CPU_ReadMem(4 bytes @ 0xE00FF010) - Data: 03 10 F4 FF  returns 0x01 (0002ms, 117599ms total)
T0F10 14863:016 JLINK_ReadMem (0xE0040FF0, 0x0010 Bytes, ...) -- CPU_ReadMem(16 bytes @ 0xE0040FF0) - Data: 0D 00 00 00 90 00 00 00 05 00 00 00 B1 00 00 00  returns 0x00 (0002ms, 117601ms total)
T0F10 14863:018 JLINK_ReadMem (0xE0040FD0, 0x0020 Bytes, ...) -- CPU_ReadMem(32 bytes @ 0xE0040FD0) - Data: 04 00 00 00 00 00 00 00 00 00 00 00 00 00 00 00 ...  returns 0x00 (0003ms, 117604ms total)
T0F10 14863:021 JLINK_ReadMemU32(0xE00FF014, 0x0001 Items, ...) -- CPU_ReadMem(4 bytes @ 0xE00FF014) - Data: 02 20 F4 FF  returns 0x01 (0003ms, 117607ms total)
T0F10 14863:024 JLINK_ReadMemU32(0xE00FF018, 0x0001 Items, ...) -- CPU_ReadMem(4 bytes @ 0xE00FF018) - Data: 00 00 00 00  returns 0x01 (0002ms, 117609ms total)
T0F10 14863:026 JLINK_GetDebugInfo(0x100) -- Value=0xE00FF003  returns 0x00 (0000ms, 117609ms total)
T0F10 14863:026 JLINK_ReadMem (0xE00FFFF0, 0x0010 Bytes, ...) -- CPU_ReadMem(16 bytes @ 0xE00FFFF0) - Data: 0D 00 00 00 10 00 00 00 05 00 00 00 B1 00 00 00  returns 0x00 (0002ms, 117611ms total)
T0F10 14863:028 JLINK_ReadMem (0xE00FFFD0, 0x0020 Bytes, ...) -- CPU_ReadMem(32 bytes @ 0xE00FFFD0) - Data: 04 00 00 00 00 00 00 00 00 00 00 00 00 00 00 00 ...  returns 0x00 (0002ms, 117613ms total)
T0F10 14863:030 JLINK_ReadMemU32(0xE00FF000, 0x0001 Items, ...) -- CPU_ReadMem(4 bytes @ 0xE00FF000) - Data: 03 F0 F0 FF  returns 0x01 (0002ms, 117615ms total)
T0F10 14863:032 JLINK_ReadMem (0xE000EFF0, 0x0010 Bytes, ...) -- CPU_ReadMem(16 bytes @ 0xE000EFF0) - Data: 0D 00 00 00 E0 00 00 00 05 00 00 00 B1 00 00 00  returns 0x00 (0002ms, 117617ms total)
T0F10 14863:034 JLINK_ReadMem (0xE000EFD0, 0x0020 Bytes, ...) -- CPU_ReadMem(32 bytes @ 0xE000EFD0) - Data: 04 00 00 00 00 00 00 00 00 00 00 00 00 00 00 00 ...  returns 0x00 (0002ms, 117619ms total)
T0F10 14863:036 JLINK_ReadMemU32(0xE00FF004, 0x0001 Items, ...) -- CPU_ReadMem(4 bytes @ 0xE00FF004) - Data: 03 20 F0 FF  returns 0x01 (0002ms, 117621ms total)
T0F10 14863:038 JLINK_ReadMem (0xE0001FF0, 0x0010 Bytes, ...) -- CPU_ReadMem(16 bytes @ 0xE0001FF0) - Data: 0D 00 00 00 E0 00 00 00 05 00 00 00 B1 00 00 00  returns 0x00 (0003ms, 117624ms total)
T0F10 14863:041 JLINK_ReadMem (0xE0001FD0, 0x0020 Bytes, ...) -- CPU_ReadMem(32 bytes @ 0xE0001FD0) - Data: 04 00 00 00 00 00 00 00 00 00 00 00 00 00 00 00 ...  returns 0x00 (0002ms, 117626ms total)
T0F10 14863:043 JLINK_ReadMemU32(0xE00FF008, 0x0001 Items, ...) -- CPU_ReadMem(4 bytes @ 0xE00FF008) - Data: 03 30 F0 FF  returns 0x01 (0002ms, 117628ms total)
T0F10 14863:045 JLINK_ReadMem (0xE0002FF0, 0x0010 Bytes, ...) -- CPU_ReadMem(16 bytes @ 0xE0002FF0) - Data: 0D 00 00 00 E0 00 00 00 05 00 00 00 B1 00 00 00  returns 0x00 (0002ms, 117630ms total)
T0F10 14863:047 JLINK_ReadMem (0xE0002FD0, 0x0020 Bytes, ...) -- CPU_ReadMem(32 bytes @ 0xE0002FD0) - Data: 04 00 00 00 00 00 00 00 00 00 00 00 00 00 00 00 ...  returns 0x00 (0002ms, 117632ms total)
T0F10 14863:049 JLINK_ReadMemU32(0xE00FF00C, 0x0001 Items, ...) -- CPU_ReadMem(4 bytes @ 0xE00FF00C) - Data: 03 10 F0 FF  returns 0x01 (0002ms, 117634ms total)
T0F10 14863:051 JLINK_ReadMem (0xE0000FF0, 0x0010 Bytes, ...) -- CPU_ReadMem(16 bytes @ 0xE0000FF0) - Data: 0D 00 00 00 E0 00 00 00 05 00 00 00 B1 00 00 00  returns 0x00 (0002ms, 117636ms total)
T0F10 14863:053 JLINK_ReadMem (0xE0000FD0, 0x0020 Bytes, ...) -- CPU_ReadMem(32 bytes @ 0xE0000FD0) - Data: 04 00 00 00 00 00 00 00 00 00 00 00 00 00 00 00 ...  returns 0x00 (0003ms, 117639ms total)
T0F10 14863:056 JLINK_ReadMemU32(0xE00FF010, 0x0001 Items, ...) -- CPU_ReadMem(4 bytes @ 0xE00FF010) - Data: 03 10 F4 FF  returns 0x01 (0002ms, 117641ms total)
T0F10 14863:058 JLINK_ReadMem (0xE0040FF0, 0x0010 Bytes, ...) -- CPU_ReadMem(16 bytes @ 0xE0040FF0) - Data: 0D 00 00 00 90 00 00 00 05 00 00 00 B1 00 00 00  returns 0x00 (0002ms, 117643ms total)
T0F10 14863:060 JLINK_ReadMem (0xE0040FD0, 0x0020 Bytes, ...) -- CPU_ReadMem(32 bytes @ 0xE0040FD0) - Data: 04 00 00 00 00 00 00 00 00 00 00 00 00 00 00 00 ...  returns 0x00 (0002ms, 117645ms total)
T0F10 14863:062 JLINK_ReadMemU32(0xE00FF014, 0x0001 Items, ...) -- CPU_ReadMem(4 bytes @ 0xE00FF014) - Data: 02 20 F4 FF  returns 0x01 (0002ms, 117647ms total)
T0F10 14863:064 JLINK_ReadMemU32(0xE00FF018, 0x0001 Items, ...) -- CPU_ReadMem(4 bytes @ 0xE00FF018) - Data: 00 00 00 00  returns 0x01 (0002ms, 117649ms total)
T0F10 14863:066 JLINK_GetDebugInfo(0x100) -- Value=0xE00FF003  returns 0x00 (0000ms, 117649ms total)
T0F10 14863:066 JLINK_ReadMem (0xE00FFFF0, 0x0010 Bytes, ...) -- CPU_ReadMem(16 bytes @ 0xE00FFFF0) - Data: 0D 00 00 00 10 00 00 00 05 00 00 00 B1 00 00 00  returns 0x00 (0002ms, 117651ms total)
T0F10 14863:068 JLINK_ReadMem (0xE00FFFD0, 0x0020 Bytes, ...) -- CPU_ReadMem(32 bytes @ 0xE00FFFD0) - Data: 04 00 00 00 00 00 00 00 00 00 00 00 00 00 00 00 ...  returns 0x00 (0002ms, 117653ms total)
T0F10 14863:070 JLINK_ReadMemU32(0xE00FF000, 0x0001 Items, ...) -- CPU_ReadMem(4 bytes @ 0xE00FF000) - Data: 03 F0 F0 FF  returns 0x01 (0002ms, 117655ms total)
T0F10 14863:072 JLINK_ReadMem (0xE000EFF0, 0x0010 Bytes, ...) -- CPU_ReadMem(16 bytes @ 0xE000EFF0) - Data: 0D 00 00 00 E0 00 00 00 05 00 00 00 B1 00 00 00  returns 0x00 (0003ms, 117658ms total)
T0F10 14863:075 JLINK_ReadMem (0xE000EFD0, 0x0020 Bytes, ...) -- CPU_ReadMem(32 bytes @ 0xE000EFD0) - Data: 04 00 00 00 00 00 00 00 00 00 00 00 00 00 00 00 ...  returns 0x00 (0003ms, 117661ms total)
T0F10 14863:078 JLINK_ReadMemU32(0xE00FF004, 0x0001 Items, ...) -- CPU_ReadMem(4 bytes @ 0xE00FF004) - Data: 03 20 F0 FF  returns 0x01 (0003ms, 117664ms total)
T0F10 14863:081 JLINK_ReadMem (0xE0001FF0, 0x0010 Bytes, ...) -- CPU_ReadMem(16 bytes @ 0xE0001FF0) - Data: 0D 00 00 00 E0 00 00 00 05 00 00 00 B1 00 00 00  returns 0x00 (0002ms, 117666ms total)
T0F10 14863:083 JLINK_ReadMem (0xE0001FD0, 0x0020 Bytes, ...) -- CPU_ReadMem(32 bytes @ 0xE0001FD0) - Data: 04 00 00 00 00 00 00 00 00 00 00 00 00 00 00 00 ...  returns 0x00 (0003ms, 117669ms total)
T0F10 14863:086 JLINK_ReadMemU32(0xE00FF008, 0x0001 Items, ...) -- CPU_ReadMem(4 bytes @ 0xE00FF008) - Data: 03 30 F0 FF  returns 0x01 (0002ms, 117671ms total)
T0F10 14863:088 JLINK_ReadMem (0xE0002FF0, 0x0010 Bytes, ...) -- CPU_ReadMem(16 bytes @ 0xE0002FF0) - Data: 0D 00 00 00 E0 00 00 00 05 00 00 00 B1 00 00 00  returns 0x00 (0002ms, 117673ms total)
T0F10 14863:090 JLINK_ReadMem (0xE0002FD0, 0x0020 Bytes, ...) -- CPU_ReadMem(32 bytes @ 0xE0002FD0) - Data: 04 00 00 00 00 00 00 00 00 00 00 00 00 00 00 00 ...  returns 0x00 (0002ms, 117675ms total)
T0F10 14863:092 JLINK_ReadMemU32(0xE00FF00C, 0x0001 Items, ...) -- CPU_ReadMem(4 bytes @ 0xE00FF00C) - Data: 03 10 F0 FF  returns 0x01 (0003ms, 117678ms total)
T0F10 14863:095 JLINK_ReadMem (0xE0000FF0, 0x0010 Bytes, ...) -- CPU_ReadMem(16 bytes @ 0xE0000FF0) - Data: 0D 00 00 00 E0 00 00 00 05 00 00 00 B1 00 00 00  returns 0x00 (0002ms, 117680ms total)
T0F10 14863:097 JLINK_ReadMem (0xE0000FD0, 0x0020 Bytes, ...) -- CPU_ReadMem(32 bytes @ 0xE0000FD0) - Data: 04 00 00 00 00 00 00 00 00 00 00 00 00 00 00 00 ...  returns 0x00 (0002ms, 117682ms total)
T0F10 14863:099 JLINK_ReadMemU32(0xE00FF010, 0x0001 Items, ...) -- CPU_ReadMem(4 bytes @ 0xE00FF010) - Data: 03 10 F4 FF  returns 0x01 (0004ms, 117686ms total)
T0F10 14863:103 JLINK_ReadMem (0xE0040FF0, 0x0010 Bytes, ...) -- CPU_ReadMem(16 bytes @ 0xE0040FF0) - Data: 0D 00 00 00 90 00 00 00 05 00 00 00 B1 00 00 00  returns 0x00 (0002ms, 117688ms total)
T0F10 14863:105 JLINK_ReadMem (0xE0040FD0, 0x0020 Bytes, ...) -- CPU_ReadMem(32 bytes @ 0xE0040FD0) - Data: 04 00 00 00 00 00 00 00 00 00 00 00 00 00 00 00 ...  returns 0x00 (0002ms, 117690ms total)
T0F10 14863:107 JLINK_ReadMemU32(0xE00FF014, 0x0001 Items, ...) -- CPU_ReadMem(4 bytes @ 0xE00FF014) - Data: 02 20 F4 FF  returns 0x01 (0002ms, 117692ms total)
T0F10 14863:109 JLINK_ReadMemU32(0xE00FF018, 0x0001 Items, ...) -- CPU_ReadMem(4 bytes @ 0xE00FF018) - Data: 00 00 00 00  returns 0x01 (0004ms, 117696ms total)
T0DE0 14863:113 JLINK_IsHalted()  returns TRUE (0000ms, 117696ms total)
T0F10 14863:113 JLINK_GetDebugInfo(0x100) -- Value=0xE00FF003  returns 0x00 (0000ms, 117696ms total)
T0F10 14863:113 JLINK_ReadMem (0xE00FFFF0, 0x0010 Bytes, ...) -- CPU_ReadMem(16 bytes @ 0xE00FFFF0) - Data: 0D 00 00 00 10 00 00 00 05 00 00 00 B1 00 00 00  returns 0x00 (0002ms, 117698ms total)
T0F10 14863:115 JLINK_ReadMem (0xE00FFFD0, 0x0020 Bytes, ...) -- CPU_ReadMem(32 bytes @ 0xE00FFFD0) - Data: 04 00 00 00 00 00 00 00 00 00 00 00 00 00 00 00 ...  returns 0x00 (0002ms, 117700ms total)
T0F10 14863:117 JLINK_ReadMemU32(0xE00FF000, 0x0001 Items, ...) -- CPU_ReadMem(4 bytes @ 0xE00FF000) - Data: 03 F0 F0 FF  returns 0x01 (0002ms, 117702ms total)
T0F10 14863:119 JLINK_ReadMem (0xE000EFF0, 0x0010 Bytes, ...) -- CPU_ReadMem(16 bytes @ 0xE000EFF0) - Data: 0D 00 00 00 E0 00 00 00 05 00 00 00 B1 00 00 00  returns 0x00 (0005ms, 117707ms total)
T0F10 14863:124 JLINK_ReadMem (0xE000EFD0, 0x0020 Bytes, ...) -- CPU_ReadMem(32 bytes @ 0xE000EFD0) - Data: 04 00 00 00 00 00 00 00 00 00 00 00 00 00 00 00 ...  returns 0x00 (0002ms, 117709ms total)
T0F10 14863:126 JLINK_ReadMemU32(0xE00FF004, 0x0001 Items, ...) -- CPU_ReadMem(4 bytes @ 0xE00FF004) - Data: 03 20 F0 FF  returns 0x01 (0002ms, 117711ms total)
T0F10 14863:128 JLINK_ReadMem (0xE0001FF0, 0x0010 Bytes, ...) -- CPU_ReadMem(16 bytes @ 0xE0001FF0) - Data: 0D 00 00 00 E0 00 00 00 05 00 00 00 B1 00 00 00  returns 0x00 (0002ms, 117713ms total)
T0F10 14863:130 JLINK_ReadMem (0xE0001FD0, 0x0020 Bytes, ...) -- CPU_ReadMem(32 bytes @ 0xE0001FD0) - Data: 04 00 00 00 00 00 00 00 00 00 00 00 00 00 00 00 ...  returns 0x00 (0002ms, 117715ms total)
T0F10 14863:132 JLINK_ReadMemU32(0xE00FF008, 0x0001 Items, ...) -- CPU_ReadMem(4 bytes @ 0xE00FF008) - Data: 03 30 F0 FF  returns 0x01 (0002ms, 117717ms total)
T0F10 14863:134 JLINK_ReadMem (0xE0002FF0, 0x0010 Bytes, ...) -- CPU_ReadMem(16 bytes @ 0xE0002FF0) - Data: 0D 00 00 00 E0 00 00 00 05 00 00 00 B1 00 00 00  returns 0x00 (0003ms, 117720ms total)
T0F10 14863:137 JLINK_ReadMem (0xE0002FD0, 0x0020 Bytes, ...) -- CPU_ReadMem(32 bytes @ 0xE0002FD0) - Data: 04 00 00 00 00 00 00 00 00 00 00 00 00 00 00 00 ...  returns 0x00 (0002ms, 117722ms total)
T0F10 14863:139 JLINK_ReadMemU32(0xE00FF00C, 0x0001 Items, ...) -- CPU_ReadMem(4 bytes @ 0xE00FF00C) - Data: 03 10 F0 FF  returns 0x01 (0003ms, 117725ms total)
T0F10 14863:142 JLINK_ReadMem (0xE0000FF0, 0x0010 Bytes, ...) -- CPU_ReadMem(16 bytes @ 0xE0000FF0) - Data: 0D 00 00 00 E0 00 00 00 05 00 00 00 B1 00 00 00  returns 0x00 (0002ms, 117727ms total)
T0F10 14863:144 JLINK_ReadMem (0xE0000FD0, 0x0020 Bytes, ...) -- CPU_ReadMem(32 bytes @ 0xE0000FD0) - Data: 04 00 00 00 00 00 00 00 00 00 00 00 00 00 00 00 ...  returns 0x00 (0002ms, 117729ms total)
T0F10 14863:146 JLINK_ReadMemU32(0xE00FF010, 0x0001 Items, ...) -- CPU_ReadMem(4 bytes @ 0xE00FF010) - Data: 03 10 F4 FF  returns 0x01 (0003ms, 117732ms total)
T0F10 14863:149 JLINK_ReadMem (0xE0040FF0, 0x0010 Bytes, ...) -- CPU_ReadMem(16 bytes @ 0xE0040FF0) - Data: 0D 00 00 00 90 00 00 00 05 00 00 00 B1 00 00 00  returns 0x00 (0002ms, 117734ms total)
T0F10 14863:151 JLINK_ReadMem (0xE0040FD0, 0x0020 Bytes, ...) -- CPU_ReadMem(32 bytes @ 0xE0040FD0) - Data: 04 00 00 00 00 00 00 00 00 00 00 00 00 00 00 00 ...  returns 0x00 (0002ms, 117736ms total)
T0F10 14863:153 JLINK_ReadMemU32(0xE00FF014, 0x0001 Items, ...) -- CPU_ReadMem(4 bytes @ 0xE00FF014) - Data: 02 20 F4 FF  returns 0x01 (0002ms, 117738ms total)
T0F10 14863:155 JLINK_ReadMemU32(0xE00FF018, 0x0001 Items, ...) -- CPU_ReadMem(4 bytes @ 0xE00FF018) - Data: 00 00 00 00  returns 0x01 (0002ms, 117740ms total)
T0F10 14863:157 JLINK_GetDebugInfo(0x100) -- Value=0xE00FF003  returns 0x00 (0000ms, 117740ms total)
T0F10 14863:157 JLINK_ReadMem (0xE00FFFF0, 0x0010 Bytes, ...) -- CPU_ReadMem(16 bytes @ 0xE00FFFF0) - Data: 0D 00 00 00 10 00 00 00 05 00 00 00 B1 00 00 00  returns 0x00 (0003ms, 117743ms total)
T0F10 14863:160 JLINK_ReadMem (0xE00FFFD0, 0x0020 Bytes, ...) -- CPU_ReadMem(32 bytes @ 0xE00FFFD0) - Data: 04 00 00 00 00 00 00 00 00 00 00 00 00 00 00 00 ...  returns 0x00 (0002ms, 117745ms total)
T0F10 14863:162 JLINK_ReadMemU32(0xE00FF000, 0x0001 Items, ...) -- CPU_ReadMem(4 bytes @ 0xE00FF000) - Data: 03 F0 F0 FF  returns 0x01 (0002ms, 117747ms total)
T0F10 14863:164 JLINK_ReadMem (0xE000EFF0, 0x0010 Bytes, ...) -- CPU_ReadMem(16 bytes @ 0xE000EFF0) - Data: 0D 00 00 00 E0 00 00 00 05 00 00 00 B1 00 00 00  returns 0x00 (0002ms, 117749ms total)
T0F10 14863:166 JLINK_ReadMem (0xE000EFD0, 0x0020 Bytes, ...) -- CPU_ReadMem(32 bytes @ 0xE000EFD0) - Data: 04 00 00 00 00 00 00 00 00 00 00 00 00 00 00 00 ...  returns 0x00 (0002ms, 117751ms total)
T0F10 14863:168 JLINK_ReadMemU32(0xE00FF004, 0x0001 Items, ...) -- CPU_ReadMem(4 bytes @ 0xE00FF004) - Data: 03 20 F0 FF  returns 0x01 (0002ms, 117753ms total)
T0F10 14863:170 JLINK_ReadMem (0xE0001FF0, 0x0010 Bytes, ...) -- CPU_ReadMem(16 bytes @ 0xE0001FF0) - Data: 0D 00 00 00 E0 00 00 00 05 00 00 00 B1 00 00 00  returns 0x00 (0002ms, 117755ms total)
T0F10 14863:172 JLINK_ReadMem (0xE0001FD0, 0x0020 Bytes, ...) -- CPU_ReadMem(32 bytes @ 0xE0001FD0) - Data: 04 00 00 00 00 00 00 00 00 00 00 00 00 00 00 00 ...  returns 0x00 (0003ms, 117758ms total)
T0F10 14863:175 JLINK_ReadMemU32(0xE00FF008, 0x0001 Items, ...) -- CPU_ReadMem(4 bytes @ 0xE00FF008) - Data: 03 30 F0 FF  returns 0x01 (0002ms, 117760ms total)
T0F10 14863:177 JLINK_ReadMem (0xE0002FF0, 0x0010 Bytes, ...) -- CPU_ReadMem(16 bytes @ 0xE0002FF0) - Data: 0D 00 00 00 E0 00 00 00 05 00 00 00 B1 00 00 00  returns 0x00 (0003ms, 117763ms total)
T0F10 14863:180 JLINK_ReadMem (0xE0002FD0, 0x0020 Bytes, ...) -- CPU_ReadMem(32 bytes @ 0xE0002FD0) - Data: 04 00 00 00 00 00 00 00 00 00 00 00 00 00 00 00 ...  returns 0x00 (0002ms, 117765ms total)
T0F10 14863:182 JLINK_ReadMemU32(0xE00FF00C, 0x0001 Items, ...) -- CPU_ReadMem(4 bytes @ 0xE00FF00C) - Data: 03 10 F0 FF  returns 0x01 (0002ms, 117767ms total)
T0F10 14863:184 JLINK_ReadMem (0xE0000FF0, 0x0010 Bytes, ...) -- CPU_ReadMem(16 bytes @ 0xE0000FF0) - Data: 0D 00 00 00 E0 00 00 00 05 00 00 00 B1 00 00 00  returns 0x00 (0002ms, 117769ms total)
T0F10 14863:186 JLINK_ReadMem (0xE0000FD0, 0x0020 Bytes, ...) -- CPU_ReadMem(32 bytes @ 0xE0000FD0) - Data: 04 00 00 00 00 00 00 00 00 00 00 00 00 00 00 00 ...  returns 0x00 (0003ms, 117772ms total)
T0F10 14863:189 JLINK_ReadMemU32(0xE00FF010, 0x0001 Items, ...) -- CPU_ReadMem(4 bytes @ 0xE00FF010) - Data: 03 10 F4 FF  returns 0x01 (0002ms, 117774ms total)
T0F10 14863:191 JLINK_ReadMem (0xE0040FF0, 0x0010 Bytes, ...) -- CPU_ReadMem(16 bytes @ 0xE0040FF0) - Data: 0D 00 00 00 90 00 00 00 05 00 00 00 B1 00 00 00  returns 0x00 (0002ms, 117776ms total)
T0F10 14863:193 JLINK_ReadMem (0xE0040FD0, 0x0020 Bytes, ...) -- CPU_ReadMem(32 bytes @ 0xE0040FD0) - Data: 04 00 00 00 00 00 00 00 00 00 00 00 00 00 00 00 ...  returns 0x00 (0002ms, 117778ms total)
T0F10 14863:195 JLINK_ReadMemU32(0xE00FF014, 0x0001 Items, ...) -- CPU_ReadMem(4 bytes @ 0xE00FF014) - Data: 02 20 F4 FF  returns 0x01 (0002ms, 117780ms total)
T0F10 14863:197 JLINK_ReadMemU32(0xE00FF018, 0x0001 Items, ...) -- CPU_ReadMem(4 bytes @ 0xE00FF018) - Data: 00 00 00 00  returns 0x01 (0002ms, 117782ms total)
T0F10 14863:199 JLINK_GetDebugInfo(0x100) -- Value=0xE00FF003  returns 0x00 (0000ms, 117782ms total)
T0F10 14863:199 JLINK_ReadMem (0xE00FFFF0, 0x0010 Bytes, ...) -- CPU_ReadMem(16 bytes @ 0xE00FFFF0) - Data: 0D 00 00 00 10 00 00 00 05 00 00 00 B1 00 00 00  returns 0x00 (0003ms, 117785ms total)
T0F10 14863:202 JLINK_ReadMem (0xE00FFFD0, 0x0020 Bytes, ...) -- CPU_ReadMem(32 bytes @ 0xE00FFFD0) - Data: 04 00 00 00 00 00 00 00 00 00 00 00 00 00 00 00 ...  returns 0x00 (0002ms, 117787ms total)
T0F10 14863:204 JLINK_ReadMemU32(0xE00FF000, 0x0001 Items, ...) -- CPU_ReadMem(4 bytes @ 0xE00FF000) - Data: 03 F0 F0 FF  returns 0x01 (0002ms, 117789ms total)
T0F10 14863:206 JLINK_ReadMem (0xE000EFF0, 0x0010 Bytes, ...) -- CPU_ReadMem(16 bytes @ 0xE000EFF0) - Data: 0D 00 00 00 E0 00 00 00 05 00 00 00 B1 00 00 00  returns 0x00 (0002ms, 117791ms total)
T0F10 14863:208 JLINK_ReadMem (0xE000EFD0, 0x0020 Bytes, ...) -- CPU_ReadMem(32 bytes @ 0xE000EFD0) - Data: 04 00 00 00 00 00 00 00 00 00 00 00 00 00 00 00 ...  returns 0x00 (0003ms, 117794ms total)
T0F10 14863:211 JLINK_ReadMemU32(0xE00FF004, 0x0001 Items, ...) -- CPU_ReadMem(4 bytes @ 0xE00FF004) - Data: 03 20 F0 FF  returns 0x01 (0002ms, 117796ms total)
T0F10 14863:213 JLINK_ReadMem (0xE0001FF0, 0x0010 Bytes, ...) -- CPU_ReadMem(16 bytes @ 0xE0001FF0) - Data: 0D 00 00 00 E0 00 00 00 05 00 00 00 B1 00 00 00  returns 0x00 (0003ms, 117799ms total)
T0F10 14863:216 JLINK_ReadMem (0xE0001FD0, 0x0020 Bytes, ...) -- CPU_ReadMem(32 bytes @ 0xE0001FD0) - Data: 04 00 00 00 00 00 00 00 00 00 00 00 00 00 00 00 ...  returns 0x00 (0002ms, 117801ms total)
T0F10 14863:218 JLINK_ReadMemU32(0xE00FF008, 0x0001 Items, ...) -- CPU_ReadMem(4 bytes @ 0xE00FF008) - Data: 03 30 F0 FF  returns 0x01 (0004ms, 117805ms total)
T0F10 14863:222 JLINK_ReadMem (0xE0002FF0, 0x0010 Bytes, ...) -- CPU_ReadMem(16 bytes @ 0xE0002FF0) - Data: 0D 00 00 00 E0 00 00 00 05 00 00 00 B1 00 00 00  returns 0x00 (0003ms, 117808ms total)
T0F10 14863:225 JLINK_ReadMem (0xE0002FD0, 0x0020 Bytes, ...) -- CPU_ReadMem(32 bytes @ 0xE0002FD0) - Data: 04 00 00 00 00 00 00 00 00 00 00 00 00 00 00 00 ...  returns 0x00 (0002ms, 117810ms total)
T0F10 14863:227 JLINK_ReadMemU32(0xE00FF00C, 0x0001 Items, ...) -- CPU_ReadMem(4 bytes @ 0xE00FF00C) - Data: 03 10 F0 FF  returns 0x01 (0003ms, 117813ms total)
T0F10 14863:230 JLINK_ReadMem (0xE0000FF0, 0x0010 Bytes, ...) -- CPU_ReadMem(16 bytes @ 0xE0000FF0) - Data: 0D 00 00 00 E0 00 00 00 05 00 00 00 B1 00 00 00  returns 0x00 (0003ms, 117816ms total)
T0F10 14863:233 JLINK_ReadMem (0xE0000FD0, 0x0020 Bytes, ...) -- CPU_ReadMem(32 bytes @ 0xE0000FD0) - Data: 04 00 00 00 00 00 00 00 00 00 00 00 00 00 00 00 ...  returns 0x00 (0002ms, 117818ms total)
T0F10 14863:235 JLINK_ReadMemU32(0xE00FF010, 0x0001 Items, ...) -- CPU_ReadMem(4 bytes @ 0xE00FF010) - Data: 03 10 F4 FF  returns 0x01 (0002ms, 117820ms total)
T0F10 14863:237 JLINK_ReadMem (0xE0040FF0, 0x0010 Bytes, ...) -- CPU_ReadMem(16 bytes @ 0xE0040FF0) - Data: 0D 00 00 00 90 00 00 00 05 00 00 00 B1 00 00 00  returns 0x00 (0002ms, 117822ms total)
T0F10 14863:239 JLINK_ReadMem (0xE0040FD0, 0x0020 Bytes, ...) -- CPU_ReadMem(32 bytes @ 0xE0040FD0) - Data: 04 00 00 00 00 00 00 00 00 00 00 00 00 00 00 00 ...  returns 0x00 (0003ms, 117825ms total)
T0F10 14863:242 JLINK_ReadMemU32(0xE00FF014, 0x0001 Items, ...) -- CPU_ReadMem(4 bytes @ 0xE00FF014) - Data: 02 20 F4 FF  returns 0x01 (0002ms, 117827ms total)
T0F10 14863:244 JLINK_ReadMemU32(0xE00FF018, 0x0001 Items, ...) -- CPU_ReadMem(4 bytes @ 0xE00FF018) - Data: 00 00 00 00  returns 0x01 (0002ms, 117829ms total)
T0F10 14863:246 JLINK_GetDebugInfo(0x100) -- Value=0xE00FF003  returns 0x00 (0000ms, 117829ms total)
T0F10 14863:246 JLINK_ReadMem (0xE00FFFF0, 0x0010 Bytes, ...) -- CPU_ReadMem(16 bytes @ 0xE00FFFF0) - Data: 0D 00 00 00 10 00 00 00 05 00 00 00 B1 00 00 00  returns 0x00 (0002ms, 117831ms total)
T0F10 14863:248 JLINK_ReadMem (0xE00FFFD0, 0x0020 Bytes, ...) -- CPU_ReadMem(32 bytes @ 0xE00FFFD0) - Data: 04 00 00 00 00 00 00 00 00 00 00 00 00 00 00 00 ...  returns 0x00 (0002ms, 117833ms total)
T0F10 14863:250 JLINK_ReadMemU32(0xE00FF000, 0x0001 Items, ...) -- CPU_ReadMem(4 bytes @ 0xE00FF000) - Data: 03 F0 F0 FF  returns 0x01 (0002ms, 117835ms total)
T0F10 14863:252 JLINK_ReadMem (0xE000EFF0, 0x0010 Bytes, ...) -- CPU_ReadMem(16 bytes @ 0xE000EFF0) - Data: 0D 00 00 00 E0 00 00 00 05 00 00 00 B1 00 00 00  returns 0x00 (0002ms, 117837ms total)
T0F10 14863:254 JLINK_ReadMem (0xE000EFD0, 0x0020 Bytes, ...) -- CPU_ReadMem(32 bytes @ 0xE000EFD0) - Data: 04 00 00 00 00 00 00 00 00 00 00 00 00 00 00 00 ...  returns 0x00 (0003ms, 117840ms total)
T0F10 14863:257 JLINK_ReadMemU32(0xE00FF004, 0x0001 Items, ...) -- CPU_ReadMem(4 bytes @ 0xE00FF004) - Data: 03 20 F0 FF  returns 0x01 (0002ms, 117842ms total)
T0F10 14863:259 JLINK_ReadMem (0xE0001FF0, 0x0010 Bytes, ...) -- CPU_ReadMem(16 bytes @ 0xE0001FF0) - Data: 0D 00 00 00 E0 00 00 00 05 00 00 00 B1 00 00 00  returns 0x00 (0002ms, 117844ms total)
T0F10 14863:261 JLINK_ReadMem (0xE0001FD0, 0x0020 Bytes, ...) -- CPU_ReadMem(32 bytes @ 0xE0001FD0) - Data: 04 00 00 00 00 00 00 00 00 00 00 00 00 00 00 00 ...  returns 0x00 (0002ms, 117846ms total)
T0F10 14863:263 JLINK_ReadMemU32(0xE00FF008, 0x0001 Items, ...) -- CPU_ReadMem(4 bytes @ 0xE00FF008) - Data: 03 30 F0 FF  returns 0x01 (0002ms, 117848ms total)
T0F10 14863:265 JLINK_ReadMem (0xE0002FF0, 0x0010 Bytes, ...) -- CPU_ReadMem(16 bytes @ 0xE0002FF0) - Data: 0D 00 00 00 E0 00 00 00 05 00 00 00 B1 00 00 00  returns 0x00 (0003ms, 117851ms total)
T0F10 14863:268 JLINK_ReadMem (0xE0002FD0, 0x0020 Bytes, ...) -- CPU_ReadMem(32 bytes @ 0xE0002FD0) - Data: 04 00 00 00 00 00 00 00 00 00 00 00 00 00 00 00 ...  returns 0x00 (0004ms, 117855ms total)
T0F10 14863:272 JLINK_ReadMemU32(0xE00FF00C, 0x0001 Items, ...) -- CPU_ReadMem(4 bytes @ 0xE00FF00C) - Data: 03 10 F0 FF  returns 0x01 (0002ms, 117857ms total)
T0F10 14863:274 JLINK_ReadMem (0xE0000FF0, 0x0010 Bytes, ...) -- CPU_ReadMem(16 bytes @ 0xE0000FF0) - Data: 0D 00 00 00 E0 00 00 00 05 00 00 00 B1 00 00 00  returns 0x00 (0002ms, 117859ms total)
T0F10 14863:276 JLINK_ReadMem (0xE0000FD0, 0x0020 Bytes, ...) -- CPU_ReadMem(32 bytes @ 0xE0000FD0) - Data: 04 00 00 00 00 00 00 00 00 00 00 00 00 00 00 00 ...  returns 0x00 (0002ms, 117861ms total)
T0F10 14863:278 JLINK_ReadMemU32(0xE00FF010, 0x0001 Items, ...) -- CPU_ReadMem(4 bytes @ 0xE00FF010) - Data: 03 10 F4 FF  returns 0x01 (0002ms, 117863ms total)
T0F10 14863:280 JLINK_ReadMem (0xE0040FF0, 0x0010 Bytes, ...) -- CPU_ReadMem(16 bytes @ 0xE0040FF0) - Data: 0D 00 00 00 90 00 00 00 05 00 00 00 B1 00 00 00  returns 0x00 (0002ms, 117865ms total)
T0F10 14863:282 JLINK_ReadMem (0xE0040FD0, 0x0020 Bytes, ...) -- CPU_ReadMem(32 bytes @ 0xE0040FD0) - Data: 04 00 00 00 00 00 00 00 00 00 00 00 00 00 00 00 ...  returns 0x00 (0003ms, 117868ms total)
T0F10 14863:285 JLINK_ReadMemU32(0xE00FF014, 0x0001 Items, ...) -- CPU_ReadMem(4 bytes @ 0xE00FF014) - Data: 02 20 F4 FF  returns 0x01 (0002ms, 117870ms total)
T0F10 14863:287 JLINK_ReadMemU32(0xE00FF018, 0x0001 Items, ...) -- CPU_ReadMem(4 bytes @ 0xE00FF018) - Data: 00 00 00 00  returns 0x01 (0002ms, 117872ms total)
T0F10 14863:289 JLINK_GetDebugInfo(0x100) -- Value=0xE00FF003  returns 0x00 (0000ms, 117872ms total)
T0F10 14863:289 JLINK_ReadMem (0xE00FFFF0, 0x0010 Bytes, ...) -- CPU_ReadMem(16 bytes @ 0xE00FFFF0) - Data: 0D 00 00 00 10 00 00 00 05 00 00 00 B1 00 00 00  returns 0x00 (0003ms, 117875ms total)
T0F10 14863:292 JLINK_ReadMem (0xE00FFFD0, 0x0020 Bytes, ...) -- CPU_ReadMem(32 bytes @ 0xE00FFFD0) - Data: 04 00 00 00 00 00 00 00 00 00 00 00 00 00 00 00 ...  returns 0x00 (0003ms, 117878ms total)
T0F10 14863:295 JLINK_ReadMemU32(0xE00FF000, 0x0001 Items, ...) -- CPU_ReadMem(4 bytes @ 0xE00FF000) - Data: 03 F0 F0 FF  returns 0x01 (0002ms, 117880ms total)
T0F10 14863:297 JLINK_ReadMem (0xE000EFF0, 0x0010 Bytes, ...) -- CPU_ReadMem(16 bytes @ 0xE000EFF0) - Data: 0D 00 00 00 E0 00 00 00 05 00 00 00 B1 00 00 00  returns 0x00 (0002ms, 117882ms total)
T0F10 14863:299 JLINK_ReadMem (0xE000EFD0, 0x0020 Bytes, ...) -- CPU_ReadMem(32 bytes @ 0xE000EFD0) - Data: 04 00 00 00 00 00 00 00 00 00 00 00 00 00 00 00 ...  returns 0x00 (0002ms, 117884ms total)
T0F10 14863:301 JLINK_ReadMemU32(0xE00FF004, 0x0001 Items, ...) -- CPU_ReadMem(4 bytes @ 0xE00FF004) - Data: 03 20 F0 FF  returns 0x01 (0002ms, 117886ms total)
T0F10 14863:303 JLINK_ReadMem (0xE0001FF0, 0x0010 Bytes, ...) -- CPU_ReadMem(16 bytes @ 0xE0001FF0) - Data: 0D 00 00 00 E0 00 00 00 05 00 00 00 B1 00 00 00  returns 0x00 (0002ms, 117888ms total)
T0F10 14863:305 JLINK_ReadMem (0xE0001FD0, 0x0020 Bytes, ...) -- CPU_ReadMem(32 bytes @ 0xE0001FD0) - Data: 04 00 00 00 00 00 00 00 00 00 00 00 00 00 00 00 ...  returns 0x00 (0002ms, 117890ms total)
T0F10 14863:307 JLINK_ReadMemU32(0xE00FF008, 0x0001 Items, ...) -- CPU_ReadMem(4 bytes @ 0xE00FF008) - Data: 03 30 F0 FF  returns 0x01 (0002ms, 117892ms total)
T0F10 14863:309 JLINK_ReadMem (0xE0002FF0, 0x0010 Bytes, ...) -- CPU_ReadMem(16 bytes @ 0xE0002FF0) - Data: 0D 00 00 00 E0 00 00 00 05 00 00 00 B1 00 00 00  returns 0x00 (0003ms, 117895ms total)
T0F10 14863:312 JLINK_ReadMem (0xE0002FD0, 0x0020 Bytes, ...) -- CPU_ReadMem(32 bytes @ 0xE0002FD0) - Data: 04 00 00 00 00 00 00 00 00 00 00 00 00 00 00 00 ...  returns 0x00 (0003ms, 117898ms total)
T0DE0 14863:315 JLINK_IsHalted()  returns TRUE (0002ms, 117900ms total)
T0F10 14863:317 JLINK_ReadMemU32(0xE00FF00C, 0x0001 Items, ...) -- CPU_ReadMem(4 bytes @ 0xE00FF00C) - Data: 03 10 F0 FF  returns 0x01 (0002ms, 117902ms total)
T0F10 14863:319 JLINK_ReadMem (0xE0000FF0, 0x0010 Bytes, ...) -- CPU_ReadMem(16 bytes @ 0xE0000FF0) - Data: 0D 00 00 00 E0 00 00 00 05 00 00 00 B1 00 00 00  returns 0x00 (0002ms, 117904ms total)
T0F10 14863:321 JLINK_ReadMem (0xE0000FD0, 0x0020 Bytes, ...) -- CPU_ReadMem(32 bytes @ 0xE0000FD0) - Data: 04 00 00 00 00 00 00 00 00 00 00 00 00 00 00 00 ...  returns 0x00 (0005ms, 117909ms total)
T0F10 14863:326 JLINK_ReadMemU32(0xE00FF010, 0x0001 Items, ...) -- CPU_ReadMem(4 bytes @ 0xE00FF010) - Data: 03 10 F4 FF  returns 0x01 (0002ms, 117911ms total)
T0F10 14863:328 JLINK_ReadMem (0xE0040FF0, 0x0010 Bytes, ...) -- CPU_ReadMem(16 bytes @ 0xE0040FF0) - Data: 0D 00 00 00 90 00 00 00 05 00 00 00 B1 00 00 00  returns 0x00 (0003ms, 117914ms total)
T0F10 14863:331 JLINK_ReadMem (0xE0040FD0, 0x0020 Bytes, ...) -- CPU_ReadMem(32 bytes @ 0xE0040FD0) - Data: 04 00 00 00 00 00 00 00 00 00 00 00 00 00 00 00 ...  returns 0x00 (0003ms, 117917ms total)
T0F10 14863:334 JLINK_ReadMemU32(0xE00FF014, 0x0001 Items, ...) -- CPU_ReadMem(4 bytes @ 0xE00FF014) - Data: 02 20 F4 FF  returns 0x01 (0002ms, 117919ms total)
T0F10 14863:336 JLINK_ReadMemU32(0xE00FF018, 0x0001 Items, ...) -- CPU_ReadMem(4 bytes @ 0xE00FF018) - Data: 00 00 00 00  returns 0x01 (0002ms, 117921ms total)
T0F10 14863:355 JLINK_ReadMem (0x400001EA, 0x0046 Bytes, ...) -- CPU_ReadMem(70 bytes @ 0x400001EA) - Data: 00 00 00 00 00 00 00 00 00 00 00 00 00 00 00 00 ...  returns 0x00 (0003ms, 117924ms total)
T0F10 14863:383 JLINK_ReadMem (0x40000230, 0x0068 Bytes, ...) -- CPU_ReadMem(104 bytes @ 0x40000230) - Data: 00 00 00 00 00 00 00 00 00 00 00 00 00 00 00 00 ...  returns 0x00 (0003ms, 117927ms total)
T0DE0 14863:658 JLINK_IsHalted()  returns TRUE (0103ms, 118030ms total)
T0DE0 14864:002 JLINK_IsHalted()  returns TRUE (0078ms, 118005ms total)
T0DE0 14864:304 JLINK_IsHalted()  returns TRUE (0000ms, 117927ms total)
T0DE0 14864:539 JLINK_IsHalted()  returns TRUE (0073ms, 118000ms total)
T0DE0 14864:816 JLINK_IsHalted()  returns TRUE (0068ms, 117995ms total)
T0DE0 14865:085 JLINK_IsHalted()  returns TRUE (0021ms, 117948ms total)
T0DE0 14865:309 JLINK_IsHalted()  returns TRUE (0000ms, 117927ms total)
T0DE0 14865:509 JLINK_IsHalted()  returns TRUE (0000ms, 117927ms total)
T0DE0 14865:710 JLINK_IsHalted()  returns TRUE (0014ms, 117941ms total)
T0DE0 14865:926 JLINK_IsHalted()  returns TRUE (0012ms, 117939ms total)
T0DE0 14866:156 JLINK_IsHalted()  returns TRUE (0000ms, 117927ms total)
T0DE0 14866:357 JLINK_IsHalted()  returns TRUE (0010ms, 117937ms total)
T0DE0 14866:568 JLINK_IsHalted()  returns TRUE (0000ms, 117927ms total)
T0DE0 14866:768 JLINK_IsHalted()  returns TRUE (0000ms, 117927ms total)
T0DE0 14866:969 JLINK_IsHalted()  returns TRUE (0037ms, 117964ms total)
T0DE0 14867:207 JLINK_IsHalted()  returns TRUE (0000ms, 117927ms total)
T0DE0 14867:407 JLINK_IsHalted()  returns TRUE (0000ms, 117927ms total)
T0DE0 14867:608 JLINK_IsHalted()  returns TRUE (0009ms, 117936ms total)
T0DE0 14867:872 JLINK_IsHalted()  returns TRUE (0000ms, 117927ms total)
T0DE0 14868:072 JLINK_IsHalted()  returns TRUE (0001ms, 117928ms total)
T0DE0 14868:274 JLINK_IsHalted()  returns TRUE (0008ms, 117935ms total)
T0DE0 14868:483 JLINK_IsHalted()  returns TRUE (0000ms, 117927ms total)
T0DE0 14868:688 JLINK_IsHalted()  returns TRUE (0000ms, 117927ms total)
T0DE0 14868:889 JLINK_IsHalted()  returns TRUE (0009ms, 117936ms total)
T0DE0 14869:120 JLINK_IsHalted()  returns TRUE (0023ms, 117950ms total)
T0DE0 14869:350 JLINK_IsHalted()  returns TRUE (0000ms, 117927ms total)
T0DE0 14869:551 JLINK_IsHalted()  returns TRUE (0011ms, 117938ms total)
T0DE0 14869:763 JLINK_IsHalted()  returns TRUE (0000ms, 117927ms total)
T0DE0 14869:963 JLINK_IsHalted()  returns TRUE (0000ms, 117927ms total)
T0DE0 14870:164 JLINK_IsHalted()  returns TRUE (0018ms, 117945ms total)
T0DE0 14870:383 JLINK_IsHalted()  returns TRUE (0000ms, 117927ms total)
T0DE0 14870:583 JLINK_IsHalted()  returns TRUE (0000ms, 117927ms total)
T0DE0 14870:784 JLINK_IsHalted()  returns TRUE (0012ms, 117939ms total)
T0DE0 14870:998 JLINK_IsHalted()  returns TRUE (0000ms, 117927ms total)
T0DE0 14871:199 JLINK_IsHalted()  returns TRUE (0011ms, 117938ms total)
T0DE0 14871:411 JLINK_IsHalted()  returns TRUE (0003ms, 117930ms total)
T0DE0 14871:615 JLINK_IsHalted()  returns TRUE (0000ms, 117927ms total)
T0DE0 14871:815 JLINK_IsHalted()  returns TRUE (0000ms, 117927ms total)
T0DE0 14872:016 JLINK_IsHalted()  returns TRUE (0014ms, 117941ms total)
T0DE0 14872:231 JLINK_IsHalted()  returns TRUE (0017ms, 117944ms total)
T0DE0 14872:448 JLINK_IsHalted()  returns TRUE (0000ms, 117927ms total)
T0DE0 14872:649 JLINK_IsHalted()  returns TRUE (0006ms, 117933ms total)
T0DE0 14872:856 JLINK_IsHalted()  returns TRUE (0001ms, 117928ms total)
T0DE0 14873:057 JLINK_IsHalted()  returns TRUE (0000ms, 117927ms total)
T0DE0 14873:258 JLINK_IsHalted()  returns TRUE (0015ms, 117942ms total)
T0DE0 14873:474 JLINK_IsHalted()  returns TRUE (0000ms, 117927ms total)
T0DE0 14873:678 JLINK_IsHalted()  returns TRUE (0000ms, 117927ms total)
T0DE0 14873:879 JLINK_IsHalted()  returns TRUE (0019ms, 117946ms total)
T0DE0 14874:099 JLINK_IsHalted()  returns TRUE (0000ms, 117927ms total)
T0DE0 14874:299 JLINK_IsHalted()  returns TRUE (0018ms, 117945ms total)
T0DE0 14874:530 JLINK_IsHalted()  returns TRUE (0007ms, 117934ms total)
T0DE0 14874:738 JLINK_IsHalted()  returns TRUE (0000ms, 117927ms total)
T0DE0 14874:939 JLINK_IsHalted()  returns TRUE (0001ms, 117928ms total)
T0DE0 14875:141 JLINK_IsHalted()  returns TRUE (0017ms, 117944ms total)
T0DE0 14875:359 JLINK_IsHalted()  returns TRUE (0011ms, 117938ms total)
T0DE0 14875:570 JLINK_IsHalted()  returns TRUE (0000ms, 117927ms total)
T0DE0 14875:771 JLINK_IsHalted()  returns TRUE (0011ms, 117938ms total)
T0DE0 14875:983 JLINK_IsHalted()  returns TRUE (0000ms, 117927ms total)
T0DE0 14876:183 JLINK_IsHalted()  returns TRUE (0000ms, 117927ms total)
T0DE0 14876:384 JLINK_IsHalted()  returns TRUE (0020ms, 117947ms total)
T0DE0 14876:605 JLINK_IsHalted()  returns TRUE (0000ms, 117927ms total)
T0DE0 14876:806 JLINK_IsHalted()  returns TRUE (0000ms, 117927ms total)
T0DE0 14877:007 JLINK_IsHalted()  returns TRUE (0014ms, 117941ms total)
T0DE0 14877:222 JLINK_IsHalted()  returns TRUE (0000ms, 117927ms total)
T0DE0 14877:422 JLINK_IsHalted()  returns TRUE (0010ms, 117937ms total)
T0DE0 14877:634 JLINK_IsHalted()  returns TRUE (0013ms, 117940ms total)
T0DE0 14877:854 JLINK_IsHalted()  returns TRUE (0000ms, 117927ms total)
T0DE0 14878:054 JLINK_IsHalted()  returns TRUE (0000ms, 117927ms total)
T0DE0 14878:255 JLINK_IsHalted()  returns TRUE (0013ms, 117940ms total)
T0DE0 14878:469 JLINK_IsHalted()  returns TRUE (0015ms, 117942ms total)
T0DE0 14878:684 JLINK_IsHalted()  returns TRUE (0000ms, 117927ms total)
T0DE0 14878:885 JLINK_IsHalted()  returns TRUE (0009ms, 117936ms total)
T0DE0 14879:095 JLINK_IsHalted()  returns TRUE (0000ms, 117927ms total)
T0DE0 14879:296 JLINK_IsHalted()  returns TRUE (0000ms, 117927ms total)
T0DE0 14879:497 JLINK_IsHalted()  returns TRUE (0015ms, 117942ms total)
T0DE0 14879:712 JLINK_IsHalted()  returns TRUE (0000ms, 117927ms total)
T0DE0 14879:913 JLINK_IsHalted()  returns TRUE (0001ms, 117928ms total)
T0DE0 14880:115 JLINK_IsHalted()  returns TRUE (0005ms, 117932ms total)
T0DE0 14880:320 JLINK_IsHalted()  returns TRUE (0000ms, 117927ms total)
T0DE0 14880:521 JLINK_IsHalted()  returns TRUE (0015ms, 117942ms total)
T0DE0 14880:737 JLINK_IsHalted()  returns TRUE (0014ms, 117941ms total)
T0DE0 14880:960 JLINK_IsHalted()  returns TRUE (0000ms, 117927ms total)
T0DE0 14881:161 JLINK_IsHalted()  returns TRUE (0000ms, 117927ms total)
T0DE0 14881:362 JLINK_IsHalted()  returns TRUE (0012ms, 117939ms total)
T0DE0 14881:574 JLINK_IsHalted()  returns TRUE (0015ms, 117942ms total)
T0DE0 14881:790 JLINK_IsHalted()  returns TRUE (0000ms, 117927ms total)
T0DE0 14881:991 JLINK_IsHalted()  returns TRUE (0010ms, 117937ms total)
T0DE0 14882:201 JLINK_IsHalted()  returns TRUE (0000ms, 117927ms total)
T0DE0 14882:402 JLINK_IsHalted()  returns TRUE (0000ms, 117927ms total)
T0DE0 14882:603 JLINK_IsHalted()  returns TRUE (0016ms, 117943ms total)
T0DE0 14882:819 JLINK_IsHalted()  returns TRUE (0000ms, 117927ms total)
T0DE0 14883:020 JLINK_IsHalted()  returns TRUE (0000ms, 117927ms total)
T0DE0 14883:221 JLINK_IsHalted()  returns TRUE (0011ms, 117938ms total)
T0DE0 14883:432 JLINK_IsHalted()  returns TRUE (0000ms, 117927ms total)
T0DE0 14883:633 JLINK_IsHalted()  returns TRUE (0015ms, 117942ms total)
T0DE0 14883:849 JLINK_IsHalted()  returns TRUE (0014ms, 117941ms total)
T0DE0 14884:063 JLINK_IsHalted()  returns TRUE (0000ms, 117927ms total)
T0DE0 14884:264 JLINK_IsHalted()  returns TRUE (0000ms, 117927ms total)
T0DE0 14884:465 JLINK_IsHalted()  returns TRUE (0005ms, 117932ms total)
T0DE0 14884:670 JLINK_IsHalted()  returns TRUE (0015ms, 117942ms total)
T0DE0 14884:886 JLINK_IsHalted()  returns TRUE (0000ms, 117927ms total)
T0DE0 14885:087 JLINK_IsHalted()  returns TRUE (0008ms, 117935ms total)
T0DE0 14885:295 JLINK_IsHalted()  returns TRUE (0000ms, 117927ms total)
T0DE0 14885:496 JLINK_IsHalted()  returns TRUE (0000ms, 117927ms total)
T0DE0 14885:697 JLINK_IsHalted()  returns TRUE (0004ms, 117931ms total)
T0DE0 14885:901 JLINK_IsHalted()  returns TRUE (0000ms, 117927ms total)
T0DE0 14886:102 JLINK_IsHalted()  returns TRUE (0000ms, 117927ms total)
T0DE0 14886:306 JLINK_IsHalted()  returns TRUE (0005ms, 117932ms total)
T0DE0 14886:512 JLINK_IsHalted()  returns TRUE (0000ms, 117927ms total)
T0DE0 14886:778 JLINK_IsHalted()  returns TRUE (0022ms, 117949ms total)
T0F10 14886:800 JLINK_GetBPInfo(BPHandle = 1)  returns 0x00 (0000ms, 117927ms total)
T0F10 14886:800 JLINK_ClrBPEx(BPHandle = 0x00000001)  returns 0x00 (0000ms, 117927ms total)
T0F10 14886:803 JLINK_ResetPullsRESET(ON) (0000ms, 117927ms total)
T0F10 14886:803 JLINK_ResetNoHalt() >0x2F8 JTAG>TotalIRLen = 4, IRPrint = 0x01 >0x30 JTAG> >0x210 JTAG> >0x70 JTAG> >0x40 JTAG> >0x40 JTAG> >0x40 JTAG> >0x48 JTAG> >0x78 JTAG> >0x40 JTAG> >0x30 JTAG> >0x40 JTAG> >0x40 JTAG> >0x30 JTAG> >0x40 JTAG> >0x48 JTAG>Found Cortex-M4 r0p1, Little endian. -- CPU_WriteMem(4 bytes @ 0xE0002000) -- CPU_ReadMem(4 bytes @ 0xE000EDF0) -- CPU_ReadMem(4 bytes @ 0xE0002000)FPUnit: 6 code (BP) slots and 2 literal slots -- CPU_ReadMem(4 bytes @ 0xE000EDFC)
 -- CPU_ReadMem(4 bytes @ 0xE0001000) -- CPU_ReadMem(4 bytes @ 0xE000ED88) -- CPU_WriteMem(4 bytes @ 0xE000ED88) -- CPU_ReadMem(4 bytes @ 0xE000ED88) -- CPU_WriteMem(4 bytes @ 0xE000ED88)CoreSight components:ROMTbl 0 @ E00FF000 -- CPU_ReadMem(16 bytes @ 0xE00FF000) -- CPU_ReadMem(16 bytes @ 0xE000EFF0) -- CPU_ReadMem(16 bytes @ 0xE000EFE0)ROMTbl 0 [0]: FFF0F000, CID: B105E00D, PID: 000BB000 SCS -- CPU_WriteMem(4 bytes @ 0xE0001000) -- CPU_ReadMem(16 bytes @ 0xE0001FF0)
 -- CPU_ReadMem(16 bytes @ 0xE0001FE0)ROMTbl 0 [1]: FFF02000, CID: B105E00D, PID: 003BB002 DWT -- CPU_ReadMem(16 bytes @ 0xE0002FF0) -- CPU_ReadMem(16 bytes @ 0xE0002FE0)ROMTbl 0 [2]: FFF03000, CID: B105E00D, PID: 002BB003 FPB -- CPU_ReadMem(16 bytes @ 0xE0000FF0) -- CPU_ReadMem(16 bytes @ 0xE0000FE0)ROMTbl 0 [3]: FFF01000, CID: B105E00D, PID: 003BB001 ITM -- CPU_ReadMem(16 bytes @ 0xE00FF010) -- CPU_ReadMem(16 bytes @ 0xE0040FF0) -- CPU_ReadMem(16 bytes @ 0xE0040FE0)
ROMTbl 0 [4]: FFF41000, CID: B105900D, PID: 000BB9A1 TPIU
                JLINK_Reset() -- CPU_ReadMem(16 bytes @ 0x20000000) -- CPU_WriteMem(16 bytes @ 0x20000000) -- CPU_ReadMem(4 bytes @ 0xE000EDFC) -- CPU_WriteMem(4 bytes @ 0xE000EDFC) -- CPU_ReadMem(4 bytes @ 0xE0001000) -- CPU_WriteMem(4 bytes @ 0xE000EDFC) -- CPU_WriteMem(16 bytes @ 0x20000000) -- CPU_WriteMem(4 bytes @ 0xE0002000) -- CPU_ReadMem(4 bytes @ 0xE000EDFC) -- CPU_ReadMem(4 bytes @ 0xE0001000) (0054ms, 0054ms total)
                JLINK_Go() -- CPU_ReadMem(4 bytes @ 0xE0001000) -- CPU_WriteMem(4 bytes @ 0xE0002008) -- CPU_WriteMem(4 bytes @ 0xE000200C) -- CPU_WriteMem(4 bytes @ 0xE0002010) -- CPU_WriteMem(4 bytes @ 0xE0002014) -- CPU_WriteMem(4 bytes @ 0xE0002018) -- CPU_WriteMem(4 bytes @ 0xE000201C) -- CPU_WriteMem(4 bytes @ 0xE0001004) (0020ms, 0074ms total)
               (0165ms, 118092ms total)
T0F10 14886:994 JLINK_Close() -- CPU is running -- CPU_WriteMem(4 bytes @ 0xE0002008) -- CPU is running -- CPU_WriteMem(4 bytes @ 0xE000200C) -- CPU is running -- CPU_WriteMem(4 bytes @ 0xE0002010) -- CPU is running -- CPU_WriteMem(4 bytes @ 0xE0002014) -- CPU is running -- CPU_WriteMem(4 bytes @ 0xE0002018) -- CPU is running -- CPU_WriteMem(4 bytes @ 0xE000201C) >0x78 JTAG> >0x08 JTAG> (0028ms, 118120ms total)
T0F10 14886:994  (0028ms, 118120ms total)
T0F10 14886:994 Closed (0028ms, 118120ms total)
